<html>
<head>
<title>TestNG:  TestFirefox</title>
<link href="../testng.css" rel="stylesheet" type="text/css" />
<link href="../my-testng.css" rel="stylesheet" type="text/css" />

<style type="text/css">
.log { display: none;} 
.stack-trace { display: none;} 
</style>
<script type="text/javascript">
<!--
function flip(e) {
  current = e.style.display;
  if (current == 'block') {
    e.style.display = 'none';
    return 0;
  }
  else {
    e.style.display = 'block';
    return 1;
  }
}

function toggleBox(szDivId, elem, msg1, msg2)
{
  var res = -1;  if (document.getElementById) {
    res = flip(document.getElementById(szDivId));
  }
  else if (document.all) {
    // this is the way old msie versions work
    res = flip(document.all[szDivId]);
  }
  if(elem) {
    if(res == 0) elem.innerHTML = msg1; else elem.innerHTML = msg2;
  }

}

function toggleAllBoxes() {
  if (document.getElementsByTagName) {
    d = document.getElementsByTagName('div');
    for (i = 0; i < d.length; i++) {
      if (d[i].className == 'log') {
        flip(d[i]);
      }
    }
  }
}

// -->
</script>

</head>
<body>
<h2 align='center'>TestFirefox</h2><table border='1' align="center">
<tr>
<td>Tests passed/Failed/Skipped:</td><td>58/17/0</td>
</tr><tr>
<td>Started on:</td><td>Sat Feb 22 23:22:06 CST 2025</td>
</tr>
<tr><td>Total time:</td><td>310 seconds (310354 ms)</td>
</tr><tr>
<td>Included groups:</td><td></td>
</tr><tr>
<td>Excluded groups:</td><td></td>
</tr>
</table><p/>
<small><i>(Hover the method name to see the test class name)</i></small><p/>
<table width='100%' border='1' class='invocation-failed'>
<tr><td colspan='4' align='center'><b>FAILED TESTS</b></td></tr>
<tr><td><b>Test method</b></td>
<td><b>Attribute(s)</b></td>
<td width="30%"><b>Exception</b></td>
<td width="10%"><b>Time (seconds)</b></td>
<td><b>Instance</b></td>
</tr>
<tr>
<td title='testRunner.TestRunner.runScenario()'><b>runScenario</b><br>Test class: testRunner.TestRunner<br>Test method: Runs Cucumber Scenarios<br>Parameters: "Verify Admin role mandatory error", "Additional Login Functionality"</td>
<td><div><pre>java.lang.AssertionError: expected [false] but found [true]
	at stepDefinitions.LoginStepAddon.admin_should_see_please_select_your_role_error_message(LoginStepAddon.java:53)
	at ✽.Admin should see Please select your Role error message(file:///C:/Users/madhu/OneDrive/Desktop/SDET/LMS_ActionSquad/src/test/resources/Feature%20files/07_LoginAdditional.feature:14)
... Removed 4 stack frames</pre></div><a href='#' onClick='toggleBox("stack-trace2088597566", this, "Click to show all stack frames", "Click to hide stack frames")'>Click to show all stack frames</a>
<div class='stack-trace' id='stack-trace2088597566'><pre>java.lang.AssertionError: expected [false] but found [true]
	at org.testng.Assert.fail(Assert.java:111)
	at org.testng.Assert.failNotEquals(Assert.java:1578)
	at org.testng.Assert.assertFalse(Assert.java:79)
	at org.testng.Assert.assertFalse(Assert.java:89)
	at stepDefinitions.LoginStepAddon.admin_should_see_please_select_your_role_error_message(LoginStepAddon.java:53)
	at ✽.Admin should see Please select your Role error message(file:///C:/Users/madhu/OneDrive/Desktop/SDET/LMS_ActionSquad/src/test/resources/Feature%20files/07_LoginAdditional.feature:14)
</pre></div></td>
<td>42</td>
<td>testRunner.TestRunner@16b2bb0c</td></tr>
<tr>
<td title='testRunner.TestRunner.runScenario()'><b>runScenario</b><br>Test class: testRunner.TestRunner<br>Test method: Runs Cucumber Scenarios<br>Parameters: "Validate batch count", "Additional Dashboard Functionality"</td>
<td><div><pre>java.lang.AssertionError: expected [0] but found [208]
	at stepDefinitions.DashboardStepAddon.admin_should_see_exact_total_count_of_active_and_inactive_batch(DashboardStepAddon.java:171)
	at ✽.Admin should see exact total count of active and inactive batch(file:///C:/Users/madhu/OneDrive/Desktop/SDET/LMS_ActionSquad/src/test/resources/Feature%20files/08_DashboardAdditional.feature:83)
... Removed 6 stack frames</pre></div><a href='#' onClick='toggleBox("stack-trace1834076020", this, "Click to show all stack frames", "Click to hide stack frames")'>Click to show all stack frames</a>
<div class='stack-trace' id='stack-trace1834076020'><pre>java.lang.AssertionError: expected [0] but found [208]
	at org.testng.Assert.fail(Assert.java:111)
	at org.testng.Assert.failNotEquals(Assert.java:1578)
	at org.testng.Assert.assertEqualsImpl(Assert.java:150)
	at org.testng.Assert.assertEquals(Assert.java:132)
	at org.testng.Assert.assertEquals(Assert.java:656)
	at org.testng.Assert.assertEquals(Assert.java:666)
	at stepDefinitions.DashboardStepAddon.admin_should_see_exact_total_count_of_active_and_inactive_batch(DashboardStepAddon.java:171)
	at ✽.Admin should see exact total count of active and inactive batch(file:///C:/Users/madhu/OneDrive/Desktop/SDET/LMS_ActionSquad/src/test/resources/Feature%20files/08_DashboardAdditional.feature:83)
</pre></div></td>
<td>37</td>
<td>testRunner.TestRunner@16b2bb0c</td></tr>
<tr>
<td title='testRunner.TestRunner.runScenario()'><b>runScenario</b><br>Test class: testRunner.TestRunner<br>Test method: Runs Cucumber Scenarios<br>Parameters: "Verify admin selects staff role", "Additional Login Functionality"</td>
<td><div><pre>java.lang.AssertionError: expected [false] but found [true]
	at stepDefinitions.LoginStepAddon.admin_should_not_be_navigated_to_lms_portal(LoginStepAddon.java:79)
	at ✽.Admin should not be navigated to LMS portal(file:///C:/Users/madhu/OneDrive/Desktop/SDET/LMS_ActionSquad/src/test/resources/Feature%20files/07_LoginAdditional.feature:26)
... Removed 4 stack frames</pre></div><a href='#' onClick='toggleBox("stack-trace1557209947", this, "Click to show all stack frames", "Click to hide stack frames")'>Click to show all stack frames</a>
<div class='stack-trace' id='stack-trace1557209947'><pre>java.lang.AssertionError: expected [false] but found [true]
	at org.testng.Assert.fail(Assert.java:111)
	at org.testng.Assert.failNotEquals(Assert.java:1578)
	at org.testng.Assert.assertFalse(Assert.java:79)
	at org.testng.Assert.assertFalse(Assert.java:89)
	at stepDefinitions.LoginStepAddon.admin_should_not_be_navigated_to_lms_portal(LoginStepAddon.java:79)
	at ✽.Admin should not be navigated to LMS portal(file:///C:/Users/madhu/OneDrive/Desktop/SDET/LMS_ActionSquad/src/test/resources/Feature%20files/07_LoginAdditional.feature:26)
</pre></div></td>
<td>41</td>
<td>testRunner.TestRunner@16b2bb0c</td></tr>
<tr>
<td title='testRunner.TestRunner.runScenario()'><b>runScenario</b><br>Test class: testRunner.TestRunner<br>Test method: Runs Cucumber Scenarios<br>Parameters: "Validate user count", "Additional Dashboard Functionality"</td>
<td><div><pre>java.lang.AssertionError: expected [34] but found [49]
	at stepDefinitions.DashboardStepAddon.admin_should_see_exact_total_count_of_active_and_inactive_user(DashboardStepAddon.java:188)
	at ✽.Admin should see exact total count of active and inactive user(file:///C:/Users/madhu/OneDrive/Desktop/SDET/LMS_ActionSquad/src/test/resources/Feature%20files/08_DashboardAdditional.feature:95)
... Removed 6 stack frames</pre></div><a href='#' onClick='toggleBox("stack-trace910286892", this, "Click to show all stack frames", "Click to hide stack frames")'>Click to show all stack frames</a>
<div class='stack-trace' id='stack-trace910286892'><pre>java.lang.AssertionError: expected [34] but found [49]
	at org.testng.Assert.fail(Assert.java:111)
	at org.testng.Assert.failNotEquals(Assert.java:1578)
	at org.testng.Assert.assertEqualsImpl(Assert.java:150)
	at org.testng.Assert.assertEquals(Assert.java:132)
	at org.testng.Assert.assertEquals(Assert.java:656)
	at org.testng.Assert.assertEquals(Assert.java:666)
	at stepDefinitions.DashboardStepAddon.admin_should_see_exact_total_count_of_active_and_inactive_user(DashboardStepAddon.java:188)
	at ✽.Admin should see exact total count of active and inactive user(file:///C:/Users/madhu/OneDrive/Desktop/SDET/LMS_ActionSquad/src/test/resources/Feature%20files/08_DashboardAdditional.feature:95)
</pre></div></td>
<td>35</td>
<td>testRunner.TestRunner@16b2bb0c</td></tr>
<tr>
<td title='testRunner.TestRunner.runScenario()'><b>runScenario</b><br>Test class: testRunner.TestRunner<br>Test method: Runs Cucumber Scenarios<br>Parameters: "Verify page navigation with icon", "Additional Dashboard Functionality"</td>
<td><div><pre>java.lang.AssertionError: expected [Manage User] but found [Dashboard]
	at stepDefinitions.DashboardStepAddon.admin_should_be_in_page(DashboardStepAddon.java:153)
	at ✽.Admin should be in &quot;Staff&quot; page(file:///C:/Users/madhu/OneDrive/Desktop/SDET/LMS_ActionSquad/src/test/resources/Feature%20files/08_DashboardAdditional.feature:70)
... Removed 6 stack frames</pre></div><a href='#' onClick='toggleBox("stack-trace606148367", this, "Click to show all stack frames", "Click to hide stack frames")'>Click to show all stack frames</a>
<div class='stack-trace' id='stack-trace606148367'><pre>java.lang.AssertionError: expected [Manage User] but found [Dashboard]
	at org.testng.Assert.fail(Assert.java:111)
	at org.testng.Assert.failNotEquals(Assert.java:1578)
	at org.testng.Assert.assertEqualsImpl(Assert.java:150)
	at org.testng.Assert.assertEquals(Assert.java:132)
	at org.testng.Assert.assertEquals(Assert.java:656)
	at org.testng.Assert.assertEquals(Assert.java:666)
	at stepDefinitions.DashboardStepAddon.admin_should_be_in_page(DashboardStepAddon.java:153)
	at ✽.Admin should be in &quot;Staff&quot; page(file:///C:/Users/madhu/OneDrive/Desktop/SDET/LMS_ActionSquad/src/test/resources/Feature%20files/08_DashboardAdditional.feature:70)
</pre></div></td>
<td>38</td>
<td>testRunner.TestRunner@16b2bb0c</td></tr>
<tr>
<td title='testRunner.TestRunner.runScenario()'><b>runScenario</b><br>Test class: testRunner.TestRunner<br>Test method: Runs Cucumber Scenarios<br>Parameters: "Verify field mandatory message", "Additional Program Functionality"</td>
<td><div><pre>org.openqa.selenium.ElementClickInterceptedException: Element &lt;button class=&quot;mat-focus-indicator mat-menu-item ng-tns-c230-5 cdk-focused cdk-mouse-focused&quot;&gt; is not clickable at point (1294,80) because another element &lt;div id=&quot;cdk-overlay-1&quot; class=&quot;cdk-overlay-pane&quot;&gt; obscures it
Build info: version: &apos;4.27.0&apos;, revision: &apos;d6e718d134&apos;
System info: os.name: &apos;Windows 11&apos;, os.arch: &apos;amd64&apos;, os.version: &apos;10.0&apos;, java.version: &apos;21.0.5&apos;
Driver info: org.openqa.selenium.firefox.FirefoxDriver
Command: [d778f826-c220-45b6-929e-fdafaf267448, clickElement {id=45619fe3-dc61-403a-b2dc-8ef8ee895796}]
Capabilities {acceptInsecureCerts: true, browserName: firefox, browserVersion: 135.0.1, moz:accessibilityChecks: false, moz:buildID: 20250216192613, moz:debuggerAddress: 127.0.0.1:13001, moz:geckodriverVersion: 0.35.0, moz:headless: false, moz:platformVersion: 10.0, moz:processID: 131840, moz:profile: C:\Users\madhu\AppData\Loca..., moz:shutdownTimeout: 60000, moz:webdriverClick: true, moz:windowless: false, pageLoadStrategy: normal, platformName: windows, proxy: Proxy(), se:cdp: ws://127.0.0.1:13001/devtoo..., se:cdpVersion: 85.0, setWindowRect: true, strictFileInteractability: false, timeouts: {implicit: 0, pageLoad: 300000, script: 30000}, unhandledPromptBehavior: dismiss and notify, userAgent: Mozilla/5.0 (Windows NT 10....}
Element: [[FirefoxDriver: firefox on windows (d778f826-c220-45b6-929e-fdafaf267448)] -&gt; xpath: //button[@role=&apos;menuitem&apos;]]
Session ID: d778f826-c220-45b6-929e-fdafaf267448
	at org.openqa.selenium.remote.ErrorCodec.decode(ErrorCodec.java:167)
	at org.openqa.selenium.remote.codec.w3c.W3CHttpResponseCodec.decode(W3CHttpResponseCodec.java:138)
	at org.openqa.selenium.remote.codec.w3c.W3CHttpResponseCodec.decode(W3CHttpResponseCodec.java:50)
	at org.openqa.selenium.remote.HttpCommandExecutor.execute(HttpCommandExecutor.java:190)
	at org.openqa.selenium.remote.service.DriverCommandExecutor.invokeExecute(DriverCommandExecutor.java:216)
	at org.openqa.selenium.remote.service.DriverCommandExecutor.execute(DriverCommandExecutor.java:174)
	at org.openqa.selenium.remote.RemoteWebDriver.execute(RemoteWebDriver.java:545)
	at org.openqa.selenium.remote.RemoteWebElement.execute(RemoteWebElement.java:223)
	at org.openqa.selenium.remote.RemoteWebElement.click(RemoteWebElement.java:76)
	at org.openqa.selenium.support.pagefactory.internal.LocatingElementHandler.invoke(LocatingElementHandler.java:51)
	at jdk.proxy2/jdk.proxy2.$Proxy48.click(Unknown Source)
	at pages.BasePage.elementClick(BasePage.java:34)
	at stepDefinitions.ProgramStepAddon.the_admin_is_in_add_new_program_pop_window(ProgramStepAddon.java:103)
	at ✽.The Admin is in Add New program pop window(file:///C:/Users/madhu/OneDrive/Desktop/SDET/LMS_ActionSquad/src/test/resources/Feature%20files/09_ProgramAdditional.feature:33)
... Removed 5 stack frames</pre></div><a href='#' onClick='toggleBox("stack-trace2062443550", this, "Click to show all stack frames", "Click to hide stack frames")'>Click to show all stack frames</a>
<div class='stack-trace' id='stack-trace2062443550'><pre>org.openqa.selenium.ElementClickInterceptedException: Element &lt;button class=&quot;mat-focus-indicator mat-menu-item ng-tns-c230-5 cdk-focused cdk-mouse-focused&quot;&gt; is not clickable at point (1294,80) because another element &lt;div id=&quot;cdk-overlay-1&quot; class=&quot;cdk-overlay-pane&quot;&gt; obscures it
Build info: version: &apos;4.27.0&apos;, revision: &apos;d6e718d134&apos;
System info: os.name: &apos;Windows 11&apos;, os.arch: &apos;amd64&apos;, os.version: &apos;10.0&apos;, java.version: &apos;21.0.5&apos;
Driver info: org.openqa.selenium.firefox.FirefoxDriver
Command: [d778f826-c220-45b6-929e-fdafaf267448, clickElement {id=45619fe3-dc61-403a-b2dc-8ef8ee895796}]
Capabilities {acceptInsecureCerts: true, browserName: firefox, browserVersion: 135.0.1, moz:accessibilityChecks: false, moz:buildID: 20250216192613, moz:debuggerAddress: 127.0.0.1:13001, moz:geckodriverVersion: 0.35.0, moz:headless: false, moz:platformVersion: 10.0, moz:processID: 131840, moz:profile: C:\Users\madhu\AppData\Loca..., moz:shutdownTimeout: 60000, moz:webdriverClick: true, moz:windowless: false, pageLoadStrategy: normal, platformName: windows, proxy: Proxy(), se:cdp: ws://127.0.0.1:13001/devtoo..., se:cdpVersion: 85.0, setWindowRect: true, strictFileInteractability: false, timeouts: {implicit: 0, pageLoad: 300000, script: 30000}, unhandledPromptBehavior: dismiss and notify, userAgent: Mozilla/5.0 (Windows NT 10....}
Element: [[FirefoxDriver: firefox on windows (d778f826-c220-45b6-929e-fdafaf267448)] -&gt; xpath: //button[@role=&apos;menuitem&apos;]]
Session ID: d778f826-c220-45b6-929e-fdafaf267448
	at java.base/jdk.internal.reflect.DirectConstructorHandleAccessor.newInstance(DirectConstructorHandleAccessor.java:62)
	at java.base/java.lang.reflect.Constructor.newInstanceWithCaller(Constructor.java:502)
	at java.base/java.lang.reflect.Constructor.newInstance(Constructor.java:486)
	at org.openqa.selenium.remote.ErrorCodec.decode(ErrorCodec.java:167)
	at org.openqa.selenium.remote.codec.w3c.W3CHttpResponseCodec.decode(W3CHttpResponseCodec.java:138)
	at org.openqa.selenium.remote.codec.w3c.W3CHttpResponseCodec.decode(W3CHttpResponseCodec.java:50)
	at org.openqa.selenium.remote.HttpCommandExecutor.execute(HttpCommandExecutor.java:190)
	at org.openqa.selenium.remote.service.DriverCommandExecutor.invokeExecute(DriverCommandExecutor.java:216)
	at org.openqa.selenium.remote.service.DriverCommandExecutor.execute(DriverCommandExecutor.java:174)
	at org.openqa.selenium.remote.RemoteWebDriver.execute(RemoteWebDriver.java:545)
	at org.openqa.selenium.remote.RemoteWebElement.execute(RemoteWebElement.java:223)
	at org.openqa.selenium.remote.RemoteWebElement.click(RemoteWebElement.java:76)
	at java.base/jdk.internal.reflect.DirectMethodHandleAccessor.invoke(DirectMethodHandleAccessor.java:103)
	at java.base/java.lang.reflect.Method.invoke(Method.java:580)
	at org.openqa.selenium.support.pagefactory.internal.LocatingElementHandler.invoke(LocatingElementHandler.java:51)
	at jdk.proxy2/jdk.proxy2.$Proxy48.click(Unknown Source)
	at pages.BasePage.elementClick(BasePage.java:34)
	at stepDefinitions.ProgramStepAddon.the_admin_is_in_add_new_program_pop_window(ProgramStepAddon.java:103)
	at ✽.The Admin is in Add New program pop window(file:///C:/Users/madhu/OneDrive/Desktop/SDET/LMS_ActionSquad/src/test/resources/Feature%20files/09_ProgramAdditional.feature:33)
</pre></div></td>
<td>34</td>
<td>testRunner.TestRunner@16b2bb0c</td></tr>
<tr>
<td title='testRunner.TestRunner.runScenario()'><b>runScenario</b><br>Test class: testRunner.TestRunner<br>Test method: Runs Cucumber Scenarios<br>Parameters: "Verify Forgot Password Link", "Additional Login Functionality"</td>
<td><div><pre>java.lang.AssertionError: expected [false] but found [true]
	at stepDefinitions.LoginStepAddon.admin_should_see_forgot_password_link(LoginStepAddon.java:99)
	at ✽.Admin should see Forgot Password Link(file:///C:/Users/madhu/OneDrive/Desktop/SDET/LMS_ActionSquad/src/test/resources/Feature%20files/07_LoginAdditional.feature:42)
... Removed 4 stack frames</pre></div><a href='#' onClick='toggleBox("stack-trace1499496978", this, "Click to show all stack frames", "Click to hide stack frames")'>Click to show all stack frames</a>
<div class='stack-trace' id='stack-trace1499496978'><pre>java.lang.AssertionError: expected [false] but found [true]
	at org.testng.Assert.fail(Assert.java:111)
	at org.testng.Assert.failNotEquals(Assert.java:1578)
	at org.testng.Assert.assertFalse(Assert.java:79)
	at org.testng.Assert.assertFalse(Assert.java:89)
	at stepDefinitions.LoginStepAddon.admin_should_see_forgot_password_link(LoginStepAddon.java:99)
	at ✽.Admin should see Forgot Password Link(file:///C:/Users/madhu/OneDrive/Desktop/SDET/LMS_ActionSquad/src/test/resources/Feature%20files/07_LoginAdditional.feature:42)
</pre></div></td>
<td>51</td>
<td>testRunner.TestRunner@16b2bb0c</td></tr>
<tr>
<td title='testRunner.TestRunner.runScenario()'><b>runScenario</b><br>Test class: testRunner.TestRunner<br>Test method: Runs Cucumber Scenarios<br>Parameters: "Verify field invalid message", "Additional Program Functionality"</td>
<td><div><pre>org.openqa.selenium.ElementClickInterceptedException: Element &lt;button class=&quot;mat-focus-indicator mat-menu-item ng-tns-c230-5 cdk-focused cdk-mouse-focused&quot;&gt; is not clickable at point (1282,75) because another element &lt;div id=&quot;cdk-overlay-1&quot; class=&quot;cdk-overlay-pane&quot;&gt; obscures it
Build info: version: &apos;4.27.0&apos;, revision: &apos;d6e718d134&apos;
System info: os.name: &apos;Windows 11&apos;, os.arch: &apos;amd64&apos;, os.version: &apos;10.0&apos;, java.version: &apos;21.0.5&apos;
Driver info: org.openqa.selenium.firefox.FirefoxDriver
Command: [9aa689e7-4694-446f-a0a6-c5fdfd1a0530, clickElement {id=d15e1a46-b6aa-45f7-8486-da83b8ef42a2}]
Capabilities {acceptInsecureCerts: true, browserName: firefox, browserVersion: 135.0.1, moz:accessibilityChecks: false, moz:buildID: 20250216192613, moz:debuggerAddress: 127.0.0.1:32641, moz:geckodriverVersion: 0.35.0, moz:headless: false, moz:platformVersion: 10.0, moz:processID: 150276, moz:profile: C:\Users\madhu\AppData\Loca..., moz:shutdownTimeout: 60000, moz:webdriverClick: true, moz:windowless: false, pageLoadStrategy: normal, platformName: windows, proxy: Proxy(), se:cdp: ws://127.0.0.1:32641/devtoo..., se:cdpVersion: 85.0, setWindowRect: true, strictFileInteractability: false, timeouts: {implicit: 0, pageLoad: 300000, script: 30000}, unhandledPromptBehavior: dismiss and notify, userAgent: Mozilla/5.0 (Windows NT 10....}
Element: [[FirefoxDriver: firefox on windows (9aa689e7-4694-446f-a0a6-c5fdfd1a0530)] -&gt; xpath: //button[@role=&apos;menuitem&apos;]]
Session ID: 9aa689e7-4694-446f-a0a6-c5fdfd1a0530
	at org.openqa.selenium.remote.ErrorCodec.decode(ErrorCodec.java:167)
	at org.openqa.selenium.remote.codec.w3c.W3CHttpResponseCodec.decode(W3CHttpResponseCodec.java:138)
	at org.openqa.selenium.remote.codec.w3c.W3CHttpResponseCodec.decode(W3CHttpResponseCodec.java:50)
	at org.openqa.selenium.remote.HttpCommandExecutor.execute(HttpCommandExecutor.java:190)
	at org.openqa.selenium.remote.service.DriverCommandExecutor.invokeExecute(DriverCommandExecutor.java:216)
	at org.openqa.selenium.remote.service.DriverCommandExecutor.execute(DriverCommandExecutor.java:174)
	at org.openqa.selenium.remote.RemoteWebDriver.execute(RemoteWebDriver.java:545)
	at org.openqa.selenium.remote.RemoteWebElement.execute(RemoteWebElement.java:223)
	at org.openqa.selenium.remote.RemoteWebElement.click(RemoteWebElement.java:76)
	at org.openqa.selenium.support.pagefactory.internal.LocatingElementHandler.invoke(LocatingElementHandler.java:51)
	at jdk.proxy2/jdk.proxy2.$Proxy48.click(Unknown Source)
	at pages.BasePage.elementClick(BasePage.java:34)
	at stepDefinitions.ProgramStepAddon.the_admin_is_in_add_new_program_pop_window(ProgramStepAddon.java:103)
	at ✽.The Admin is in Add New program pop window(file:///C:/Users/madhu/OneDrive/Desktop/SDET/LMS_ActionSquad/src/test/resources/Feature%20files/09_ProgramAdditional.feature:45)
... Removed 5 stack frames</pre></div><a href='#' onClick='toggleBox("stack-trace1047443132", this, "Click to show all stack frames", "Click to hide stack frames")'>Click to show all stack frames</a>
<div class='stack-trace' id='stack-trace1047443132'><pre>org.openqa.selenium.ElementClickInterceptedException: Element &lt;button class=&quot;mat-focus-indicator mat-menu-item ng-tns-c230-5 cdk-focused cdk-mouse-focused&quot;&gt; is not clickable at point (1282,75) because another element &lt;div id=&quot;cdk-overlay-1&quot; class=&quot;cdk-overlay-pane&quot;&gt; obscures it
Build info: version: &apos;4.27.0&apos;, revision: &apos;d6e718d134&apos;
System info: os.name: &apos;Windows 11&apos;, os.arch: &apos;amd64&apos;, os.version: &apos;10.0&apos;, java.version: &apos;21.0.5&apos;
Driver info: org.openqa.selenium.firefox.FirefoxDriver
Command: [9aa689e7-4694-446f-a0a6-c5fdfd1a0530, clickElement {id=d15e1a46-b6aa-45f7-8486-da83b8ef42a2}]
Capabilities {acceptInsecureCerts: true, browserName: firefox, browserVersion: 135.0.1, moz:accessibilityChecks: false, moz:buildID: 20250216192613, moz:debuggerAddress: 127.0.0.1:32641, moz:geckodriverVersion: 0.35.0, moz:headless: false, moz:platformVersion: 10.0, moz:processID: 150276, moz:profile: C:\Users\madhu\AppData\Loca..., moz:shutdownTimeout: 60000, moz:webdriverClick: true, moz:windowless: false, pageLoadStrategy: normal, platformName: windows, proxy: Proxy(), se:cdp: ws://127.0.0.1:32641/devtoo..., se:cdpVersion: 85.0, setWindowRect: true, strictFileInteractability: false, timeouts: {implicit: 0, pageLoad: 300000, script: 30000}, unhandledPromptBehavior: dismiss and notify, userAgent: Mozilla/5.0 (Windows NT 10....}
Element: [[FirefoxDriver: firefox on windows (9aa689e7-4694-446f-a0a6-c5fdfd1a0530)] -&gt; xpath: //button[@role=&apos;menuitem&apos;]]
Session ID: 9aa689e7-4694-446f-a0a6-c5fdfd1a0530
	at java.base/jdk.internal.reflect.DirectConstructorHandleAccessor.newInstance(DirectConstructorHandleAccessor.java:62)
	at java.base/java.lang.reflect.Constructor.newInstanceWithCaller(Constructor.java:502)
	at java.base/java.lang.reflect.Constructor.newInstance(Constructor.java:486)
	at org.openqa.selenium.remote.ErrorCodec.decode(ErrorCodec.java:167)
	at org.openqa.selenium.remote.codec.w3c.W3CHttpResponseCodec.decode(W3CHttpResponseCodec.java:138)
	at org.openqa.selenium.remote.codec.w3c.W3CHttpResponseCodec.decode(W3CHttpResponseCodec.java:50)
	at org.openqa.selenium.remote.HttpCommandExecutor.execute(HttpCommandExecutor.java:190)
	at org.openqa.selenium.remote.service.DriverCommandExecutor.invokeExecute(DriverCommandExecutor.java:216)
	at org.openqa.selenium.remote.service.DriverCommandExecutor.execute(DriverCommandExecutor.java:174)
	at org.openqa.selenium.remote.RemoteWebDriver.execute(RemoteWebDriver.java:545)
	at org.openqa.selenium.remote.RemoteWebElement.execute(RemoteWebElement.java:223)
	at org.openqa.selenium.remote.RemoteWebElement.click(RemoteWebElement.java:76)
	at java.base/jdk.internal.reflect.DirectMethodHandleAccessor.invoke(DirectMethodHandleAccessor.java:103)
	at java.base/java.lang.reflect.Method.invoke(Method.java:580)
	at org.openqa.selenium.support.pagefactory.internal.LocatingElementHandler.invoke(LocatingElementHandler.java:51)
	at jdk.proxy2/jdk.proxy2.$Proxy48.click(Unknown Source)
	at pages.BasePage.elementClick(BasePage.java:34)
	at stepDefinitions.ProgramStepAddon.the_admin_is_in_add_new_program_pop_window(ProgramStepAddon.java:103)
	at ✽.The Admin is in Add New program pop window(file:///C:/Users/madhu/OneDrive/Desktop/SDET/LMS_ActionSquad/src/test/resources/Feature%20files/09_ProgramAdditional.feature:45)
</pre></div></td>
<td>28</td>
<td>testRunner.TestRunner@16b2bb0c</td></tr>
<tr>
<td title='testRunner.TestRunner.runScenario()'><b>runScenario</b><br>Test class: testRunner.TestRunner<br>Test method: Runs Cucumber Scenarios<br>Parameters: "Verify field mandatory message", "Additional Program Functionality"</td>
<td><div><pre>org.openqa.selenium.ElementClickInterceptedException: Element &lt;button class=&quot;mat-focus-indicator mat-menu-item ng-tns-c230-5 cdk-focused cdk-mouse-focused&quot;&gt; is not clickable at point (1282,75) because another element &lt;div id=&quot;cdk-overlay-1&quot; class=&quot;cdk-overlay-pane&quot;&gt; obscures it
Build info: version: &apos;4.27.0&apos;, revision: &apos;d6e718d134&apos;
System info: os.name: &apos;Windows 11&apos;, os.arch: &apos;amd64&apos;, os.version: &apos;10.0&apos;, java.version: &apos;21.0.5&apos;
Driver info: org.openqa.selenium.firefox.FirefoxDriver
Command: [75053214-c015-41da-a035-7856a80aaeae, clickElement {id=43dd2fe0-3102-4d73-a5d1-3a4190049b65}]
Capabilities {acceptInsecureCerts: true, browserName: firefox, browserVersion: 135.0.1, moz:accessibilityChecks: false, moz:buildID: 20250216192613, moz:debuggerAddress: 127.0.0.1:40699, moz:geckodriverVersion: 0.35.0, moz:headless: false, moz:platformVersion: 10.0, moz:processID: 151448, moz:profile: C:\Users\madhu\AppData\Loca..., moz:shutdownTimeout: 60000, moz:webdriverClick: true, moz:windowless: false, pageLoadStrategy: normal, platformName: windows, proxy: Proxy(), se:cdp: ws://127.0.0.1:40699/devtoo..., se:cdpVersion: 85.0, setWindowRect: true, strictFileInteractability: false, timeouts: {implicit: 0, pageLoad: 300000, script: 30000}, unhandledPromptBehavior: dismiss and notify, userAgent: Mozilla/5.0 (Windows NT 10....}
Element: [[FirefoxDriver: firefox on windows (75053214-c015-41da-a035-7856a80aaeae)] -&gt; xpath: //button[@role=&apos;menuitem&apos;]]
Session ID: 75053214-c015-41da-a035-7856a80aaeae
	at org.openqa.selenium.remote.ErrorCodec.decode(ErrorCodec.java:167)
	at org.openqa.selenium.remote.codec.w3c.W3CHttpResponseCodec.decode(W3CHttpResponseCodec.java:138)
	at org.openqa.selenium.remote.codec.w3c.W3CHttpResponseCodec.decode(W3CHttpResponseCodec.java:50)
	at org.openqa.selenium.remote.HttpCommandExecutor.execute(HttpCommandExecutor.java:190)
	at org.openqa.selenium.remote.service.DriverCommandExecutor.invokeExecute(DriverCommandExecutor.java:216)
	at org.openqa.selenium.remote.service.DriverCommandExecutor.execute(DriverCommandExecutor.java:174)
	at org.openqa.selenium.remote.RemoteWebDriver.execute(RemoteWebDriver.java:545)
	at org.openqa.selenium.remote.RemoteWebElement.execute(RemoteWebElement.java:223)
	at org.openqa.selenium.remote.RemoteWebElement.click(RemoteWebElement.java:76)
	at org.openqa.selenium.support.pagefactory.internal.LocatingElementHandler.invoke(LocatingElementHandler.java:51)
	at jdk.proxy2/jdk.proxy2.$Proxy48.click(Unknown Source)
	at pages.BasePage.elementClick(BasePage.java:34)
	at stepDefinitions.ProgramStepAddon.the_admin_is_in_add_new_program_pop_window(ProgramStepAddon.java:103)
	at ✽.The Admin is in Add New program pop window(file:///C:/Users/madhu/OneDrive/Desktop/SDET/LMS_ActionSquad/src/test/resources/Feature%20files/09_ProgramAdditional.feature:33)
... Removed 5 stack frames</pre></div><a href='#' onClick='toggleBox("stack-trace1844462307", this, "Click to show all stack frames", "Click to hide stack frames")'>Click to show all stack frames</a>
<div class='stack-trace' id='stack-trace1844462307'><pre>org.openqa.selenium.ElementClickInterceptedException: Element &lt;button class=&quot;mat-focus-indicator mat-menu-item ng-tns-c230-5 cdk-focused cdk-mouse-focused&quot;&gt; is not clickable at point (1282,75) because another element &lt;div id=&quot;cdk-overlay-1&quot; class=&quot;cdk-overlay-pane&quot;&gt; obscures it
Build info: version: &apos;4.27.0&apos;, revision: &apos;d6e718d134&apos;
System info: os.name: &apos;Windows 11&apos;, os.arch: &apos;amd64&apos;, os.version: &apos;10.0&apos;, java.version: &apos;21.0.5&apos;
Driver info: org.openqa.selenium.firefox.FirefoxDriver
Command: [75053214-c015-41da-a035-7856a80aaeae, clickElement {id=43dd2fe0-3102-4d73-a5d1-3a4190049b65}]
Capabilities {acceptInsecureCerts: true, browserName: firefox, browserVersion: 135.0.1, moz:accessibilityChecks: false, moz:buildID: 20250216192613, moz:debuggerAddress: 127.0.0.1:40699, moz:geckodriverVersion: 0.35.0, moz:headless: false, moz:platformVersion: 10.0, moz:processID: 151448, moz:profile: C:\Users\madhu\AppData\Loca..., moz:shutdownTimeout: 60000, moz:webdriverClick: true, moz:windowless: false, pageLoadStrategy: normal, platformName: windows, proxy: Proxy(), se:cdp: ws://127.0.0.1:40699/devtoo..., se:cdpVersion: 85.0, setWindowRect: true, strictFileInteractability: false, timeouts: {implicit: 0, pageLoad: 300000, script: 30000}, unhandledPromptBehavior: dismiss and notify, userAgent: Mozilla/5.0 (Windows NT 10....}
Element: [[FirefoxDriver: firefox on windows (75053214-c015-41da-a035-7856a80aaeae)] -&gt; xpath: //button[@role=&apos;menuitem&apos;]]
Session ID: 75053214-c015-41da-a035-7856a80aaeae
	at java.base/jdk.internal.reflect.DirectConstructorHandleAccessor.newInstance(DirectConstructorHandleAccessor.java:62)
	at java.base/java.lang.reflect.Constructor.newInstanceWithCaller(Constructor.java:502)
	at java.base/java.lang.reflect.Constructor.newInstance(Constructor.java:486)
	at org.openqa.selenium.remote.ErrorCodec.decode(ErrorCodec.java:167)
	at org.openqa.selenium.remote.codec.w3c.W3CHttpResponseCodec.decode(W3CHttpResponseCodec.java:138)
	at org.openqa.selenium.remote.codec.w3c.W3CHttpResponseCodec.decode(W3CHttpResponseCodec.java:50)
	at org.openqa.selenium.remote.HttpCommandExecutor.execute(HttpCommandExecutor.java:190)
	at org.openqa.selenium.remote.service.DriverCommandExecutor.invokeExecute(DriverCommandExecutor.java:216)
	at org.openqa.selenium.remote.service.DriverCommandExecutor.execute(DriverCommandExecutor.java:174)
	at org.openqa.selenium.remote.RemoteWebDriver.execute(RemoteWebDriver.java:545)
	at org.openqa.selenium.remote.RemoteWebElement.execute(RemoteWebElement.java:223)
	at org.openqa.selenium.remote.RemoteWebElement.click(RemoteWebElement.java:76)
	at java.base/jdk.internal.reflect.DirectMethodHandleAccessor.invoke(DirectMethodHandleAccessor.java:103)
	at java.base/java.lang.reflect.Method.invoke(Method.java:580)
	at org.openqa.selenium.support.pagefactory.internal.LocatingElementHandler.invoke(LocatingElementHandler.java:51)
	at jdk.proxy2/jdk.proxy2.$Proxy48.click(Unknown Source)
	at pages.BasePage.elementClick(BasePage.java:34)
	at stepDefinitions.ProgramStepAddon.the_admin_is_in_add_new_program_pop_window(ProgramStepAddon.java:103)
	at ✽.The Admin is in Add New program pop window(file:///C:/Users/madhu/OneDrive/Desktop/SDET/LMS_ActionSquad/src/test/resources/Feature%20files/09_ProgramAdditional.feature:33)
</pre></div></td>
<td>28</td>
<td>testRunner.TestRunner@16b2bb0c</td></tr>
<tr>
<td title='testRunner.TestRunner.runScenario()'><b>runScenario</b><br>Test class: testRunner.TestRunner<br>Test method: Runs Cucumber Scenarios<br>Parameters: "Verify field mandatory message", "Additional Program Functionality"</td>
<td><div><pre>java.lang.AssertionError: expected [false] but found [true]
	at stepDefinitions.ProgramStepAddon.admin_receives_edit_mandatory_error_message(ProgramStepAddon.java:204)
	at ✽.Admin receives &quot;Name&quot; edit mandatory error message(file:///C:/Users/madhu/OneDrive/Desktop/SDET/LMS_ActionSquad/src/test/resources/Feature%20files/09_ProgramAdditional.feature:61)
... Removed 4 stack frames</pre></div><a href='#' onClick='toggleBox("stack-trace875605987", this, "Click to show all stack frames", "Click to hide stack frames")'>Click to show all stack frames</a>
<div class='stack-trace' id='stack-trace875605987'><pre>java.lang.AssertionError: expected [false] but found [true]
	at org.testng.Assert.fail(Assert.java:111)
	at org.testng.Assert.failNotEquals(Assert.java:1578)
	at org.testng.Assert.assertFalse(Assert.java:79)
	at org.testng.Assert.assertFalse(Assert.java:89)
	at stepDefinitions.ProgramStepAddon.admin_receives_edit_mandatory_error_message(ProgramStepAddon.java:204)
	at ✽.Admin receives &quot;Name&quot; edit mandatory error message(file:///C:/Users/madhu/OneDrive/Desktop/SDET/LMS_ActionSquad/src/test/resources/Feature%20files/09_ProgramAdditional.feature:61)
</pre></div></td>
<td>47</td>
<td>testRunner.TestRunner@16b2bb0c</td></tr>
<tr>
<td title='testRunner.TestRunner.runScenario()'><b>runScenario</b><br>Test class: testRunner.TestRunner<br>Test method: Runs Cucumber Scenarios<br>Parameters: "Verify field invalid message", "Additional Program Functionality"</td>
<td><div><pre>org.openqa.selenium.ElementClickInterceptedException: Element &lt;button class=&quot;mat-focus-indicator mat-menu-item ng-tns-c230-5 cdk-focused cdk-mouse-focused&quot;&gt; is not clickable at point (1296,81) because another element &lt;div id=&quot;cdk-overlay-1&quot; class=&quot;cdk-overlay-pane&quot;&gt; obscures it
Build info: version: &apos;4.27.0&apos;, revision: &apos;d6e718d134&apos;
System info: os.name: &apos;Windows 11&apos;, os.arch: &apos;amd64&apos;, os.version: &apos;10.0&apos;, java.version: &apos;21.0.5&apos;
Driver info: org.openqa.selenium.firefox.FirefoxDriver
Command: [d57bfca2-5010-4df1-8af3-00fbfe030fb1, clickElement {id=8e9dc3d2-2f25-4148-a2c3-e03b7a1fcd5d}]
Capabilities {acceptInsecureCerts: true, browserName: firefox, browserVersion: 135.0.1, moz:accessibilityChecks: false, moz:buildID: 20250216192613, moz:debuggerAddress: 127.0.0.1:40225, moz:geckodriverVersion: 0.35.0, moz:headless: false, moz:platformVersion: 10.0, moz:processID: 156220, moz:profile: C:\Users\madhu\AppData\Loca..., moz:shutdownTimeout: 60000, moz:webdriverClick: true, moz:windowless: false, pageLoadStrategy: normal, platformName: windows, proxy: Proxy(), se:cdp: ws://127.0.0.1:40225/devtoo..., se:cdpVersion: 85.0, setWindowRect: true, strictFileInteractability: false, timeouts: {implicit: 0, pageLoad: 300000, script: 30000}, unhandledPromptBehavior: dismiss and notify, userAgent: Mozilla/5.0 (Windows NT 10....}
Element: [[FirefoxDriver: firefox on windows (d57bfca2-5010-4df1-8af3-00fbfe030fb1)] -&gt; xpath: //button[@role=&apos;menuitem&apos;]]
Session ID: d57bfca2-5010-4df1-8af3-00fbfe030fb1
	at org.openqa.selenium.remote.ErrorCodec.decode(ErrorCodec.java:167)
	at org.openqa.selenium.remote.codec.w3c.W3CHttpResponseCodec.decode(W3CHttpResponseCodec.java:138)
	at org.openqa.selenium.remote.codec.w3c.W3CHttpResponseCodec.decode(W3CHttpResponseCodec.java:50)
	at org.openqa.selenium.remote.HttpCommandExecutor.execute(HttpCommandExecutor.java:190)
	at org.openqa.selenium.remote.service.DriverCommandExecutor.invokeExecute(DriverCommandExecutor.java:216)
	at org.openqa.selenium.remote.service.DriverCommandExecutor.execute(DriverCommandExecutor.java:174)
	at org.openqa.selenium.remote.RemoteWebDriver.execute(RemoteWebDriver.java:545)
	at org.openqa.selenium.remote.RemoteWebElement.execute(RemoteWebElement.java:223)
	at org.openqa.selenium.remote.RemoteWebElement.click(RemoteWebElement.java:76)
	at org.openqa.selenium.support.pagefactory.internal.LocatingElementHandler.invoke(LocatingElementHandler.java:51)
	at jdk.proxy2/jdk.proxy2.$Proxy48.click(Unknown Source)
	at pages.BasePage.elementClick(BasePage.java:34)
	at stepDefinitions.ProgramStepAddon.the_admin_is_in_add_new_program_pop_window(ProgramStepAddon.java:103)
	at ✽.The Admin is in Add New program pop window(file:///C:/Users/madhu/OneDrive/Desktop/SDET/LMS_ActionSquad/src/test/resources/Feature%20files/09_ProgramAdditional.feature:45)
... Removed 5 stack frames</pre></div><a href='#' onClick='toggleBox("stack-trace9719616", this, "Click to show all stack frames", "Click to hide stack frames")'>Click to show all stack frames</a>
<div class='stack-trace' id='stack-trace9719616'><pre>org.openqa.selenium.ElementClickInterceptedException: Element &lt;button class=&quot;mat-focus-indicator mat-menu-item ng-tns-c230-5 cdk-focused cdk-mouse-focused&quot;&gt; is not clickable at point (1296,81) because another element &lt;div id=&quot;cdk-overlay-1&quot; class=&quot;cdk-overlay-pane&quot;&gt; obscures it
Build info: version: &apos;4.27.0&apos;, revision: &apos;d6e718d134&apos;
System info: os.name: &apos;Windows 11&apos;, os.arch: &apos;amd64&apos;, os.version: &apos;10.0&apos;, java.version: &apos;21.0.5&apos;
Driver info: org.openqa.selenium.firefox.FirefoxDriver
Command: [d57bfca2-5010-4df1-8af3-00fbfe030fb1, clickElement {id=8e9dc3d2-2f25-4148-a2c3-e03b7a1fcd5d}]
Capabilities {acceptInsecureCerts: true, browserName: firefox, browserVersion: 135.0.1, moz:accessibilityChecks: false, moz:buildID: 20250216192613, moz:debuggerAddress: 127.0.0.1:40225, moz:geckodriverVersion: 0.35.0, moz:headless: false, moz:platformVersion: 10.0, moz:processID: 156220, moz:profile: C:\Users\madhu\AppData\Loca..., moz:shutdownTimeout: 60000, moz:webdriverClick: true, moz:windowless: false, pageLoadStrategy: normal, platformName: windows, proxy: Proxy(), se:cdp: ws://127.0.0.1:40225/devtoo..., se:cdpVersion: 85.0, setWindowRect: true, strictFileInteractability: false, timeouts: {implicit: 0, pageLoad: 300000, script: 30000}, unhandledPromptBehavior: dismiss and notify, userAgent: Mozilla/5.0 (Windows NT 10....}
Element: [[FirefoxDriver: firefox on windows (d57bfca2-5010-4df1-8af3-00fbfe030fb1)] -&gt; xpath: //button[@role=&apos;menuitem&apos;]]
Session ID: d57bfca2-5010-4df1-8af3-00fbfe030fb1
	at java.base/jdk.internal.reflect.DirectConstructorHandleAccessor.newInstance(DirectConstructorHandleAccessor.java:62)
	at java.base/java.lang.reflect.Constructor.newInstanceWithCaller(Constructor.java:502)
	at java.base/java.lang.reflect.Constructor.newInstance(Constructor.java:486)
	at org.openqa.selenium.remote.ErrorCodec.decode(ErrorCodec.java:167)
	at org.openqa.selenium.remote.codec.w3c.W3CHttpResponseCodec.decode(W3CHttpResponseCodec.java:138)
	at org.openqa.selenium.remote.codec.w3c.W3CHttpResponseCodec.decode(W3CHttpResponseCodec.java:50)
	at org.openqa.selenium.remote.HttpCommandExecutor.execute(HttpCommandExecutor.java:190)
	at org.openqa.selenium.remote.service.DriverCommandExecutor.invokeExecute(DriverCommandExecutor.java:216)
	at org.openqa.selenium.remote.service.DriverCommandExecutor.execute(DriverCommandExecutor.java:174)
	at org.openqa.selenium.remote.RemoteWebDriver.execute(RemoteWebDriver.java:545)
	at org.openqa.selenium.remote.RemoteWebElement.execute(RemoteWebElement.java:223)
	at org.openqa.selenium.remote.RemoteWebElement.click(RemoteWebElement.java:76)
	at java.base/jdk.internal.reflect.DirectMethodHandleAccessor.invoke(DirectMethodHandleAccessor.java:103)
	at java.base/java.lang.reflect.Method.invoke(Method.java:580)
	at org.openqa.selenium.support.pagefactory.internal.LocatingElementHandler.invoke(LocatingElementHandler.java:51)
	at jdk.proxy2/jdk.proxy2.$Proxy48.click(Unknown Source)
	at pages.BasePage.elementClick(BasePage.java:34)
	at stepDefinitions.ProgramStepAddon.the_admin_is_in_add_new_program_pop_window(ProgramStepAddon.java:103)
	at ✽.The Admin is in Add New program pop window(file:///C:/Users/madhu/OneDrive/Desktop/SDET/LMS_ActionSquad/src/test/resources/Feature%20files/09_ProgramAdditional.feature:45)
</pre></div></td>
<td>30</td>
<td>testRunner.TestRunner@16b2bb0c</td></tr>
<tr>
<td title='testRunner.TestRunner.runScenario()'><b>runScenario</b><br>Test class: testRunner.TestRunner<br>Test method: Runs Cucumber Scenarios<br>Parameters: "Verify field invalid message", "Additional Program Functionality"</td>
<td><div><pre>org.openqa.selenium.ElementClickInterceptedException: Element &lt;button class=&quot;mat-focus-indicator mat-menu-item ng-tns-c230-5 cdk-focused cdk-mouse-focused&quot;&gt; is not clickable at point (1282,75) because another element &lt;div id=&quot;cdk-overlay-1&quot; class=&quot;cdk-overlay-pane&quot;&gt; obscures it
Build info: version: &apos;4.27.0&apos;, revision: &apos;d6e718d134&apos;
System info: os.name: &apos;Windows 11&apos;, os.arch: &apos;amd64&apos;, os.version: &apos;10.0&apos;, java.version: &apos;21.0.5&apos;
Driver info: org.openqa.selenium.firefox.FirefoxDriver
Command: [48b56fbb-b9cf-4b28-a8fe-ad4003129309, clickElement {id=540a0fea-fee9-42b3-90d2-cb8b27cc3fbc}]
Capabilities {acceptInsecureCerts: true, browserName: firefox, browserVersion: 135.0.1, moz:accessibilityChecks: false, moz:buildID: 20250216192613, moz:debuggerAddress: 127.0.0.1:23577, moz:geckodriverVersion: 0.35.0, moz:headless: false, moz:platformVersion: 10.0, moz:processID: 144744, moz:profile: C:\Users\madhu\AppData\Loca..., moz:shutdownTimeout: 60000, moz:webdriverClick: true, moz:windowless: false, pageLoadStrategy: normal, platformName: windows, proxy: Proxy(), se:cdp: ws://127.0.0.1:23577/devtoo..., se:cdpVersion: 85.0, setWindowRect: true, strictFileInteractability: false, timeouts: {implicit: 0, pageLoad: 300000, script: 30000}, unhandledPromptBehavior: dismiss and notify, userAgent: Mozilla/5.0 (Windows NT 10....}
Element: [[FirefoxDriver: firefox on windows (48b56fbb-b9cf-4b28-a8fe-ad4003129309)] -&gt; xpath: //button[@role=&apos;menuitem&apos;]]
Session ID: 48b56fbb-b9cf-4b28-a8fe-ad4003129309
	at org.openqa.selenium.remote.ErrorCodec.decode(ErrorCodec.java:167)
	at org.openqa.selenium.remote.codec.w3c.W3CHttpResponseCodec.decode(W3CHttpResponseCodec.java:138)
	at org.openqa.selenium.remote.codec.w3c.W3CHttpResponseCodec.decode(W3CHttpResponseCodec.java:50)
	at org.openqa.selenium.remote.HttpCommandExecutor.execute(HttpCommandExecutor.java:190)
	at org.openqa.selenium.remote.service.DriverCommandExecutor.invokeExecute(DriverCommandExecutor.java:216)
	at org.openqa.selenium.remote.service.DriverCommandExecutor.execute(DriverCommandExecutor.java:174)
	at org.openqa.selenium.remote.RemoteWebDriver.execute(RemoteWebDriver.java:545)
	at org.openqa.selenium.remote.RemoteWebElement.execute(RemoteWebElement.java:223)
	at org.openqa.selenium.remote.RemoteWebElement.click(RemoteWebElement.java:76)
	at org.openqa.selenium.support.pagefactory.internal.LocatingElementHandler.invoke(LocatingElementHandler.java:51)
	at jdk.proxy2/jdk.proxy2.$Proxy48.click(Unknown Source)
	at pages.BasePage.elementClick(BasePage.java:34)
	at stepDefinitions.ProgramStepAddon.the_admin_is_in_add_new_program_pop_window(ProgramStepAddon.java:103)
	at ✽.The Admin is in Add New program pop window(file:///C:/Users/madhu/OneDrive/Desktop/SDET/LMS_ActionSquad/src/test/resources/Feature%20files/09_ProgramAdditional.feature:45)
... Removed 5 stack frames</pre></div><a href='#' onClick='toggleBox("stack-trace384013460", this, "Click to show all stack frames", "Click to hide stack frames")'>Click to show all stack frames</a>
<div class='stack-trace' id='stack-trace384013460'><pre>org.openqa.selenium.ElementClickInterceptedException: Element &lt;button class=&quot;mat-focus-indicator mat-menu-item ng-tns-c230-5 cdk-focused cdk-mouse-focused&quot;&gt; is not clickable at point (1282,75) because another element &lt;div id=&quot;cdk-overlay-1&quot; class=&quot;cdk-overlay-pane&quot;&gt; obscures it
Build info: version: &apos;4.27.0&apos;, revision: &apos;d6e718d134&apos;
System info: os.name: &apos;Windows 11&apos;, os.arch: &apos;amd64&apos;, os.version: &apos;10.0&apos;, java.version: &apos;21.0.5&apos;
Driver info: org.openqa.selenium.firefox.FirefoxDriver
Command: [48b56fbb-b9cf-4b28-a8fe-ad4003129309, clickElement {id=540a0fea-fee9-42b3-90d2-cb8b27cc3fbc}]
Capabilities {acceptInsecureCerts: true, browserName: firefox, browserVersion: 135.0.1, moz:accessibilityChecks: false, moz:buildID: 20250216192613, moz:debuggerAddress: 127.0.0.1:23577, moz:geckodriverVersion: 0.35.0, moz:headless: false, moz:platformVersion: 10.0, moz:processID: 144744, moz:profile: C:\Users\madhu\AppData\Loca..., moz:shutdownTimeout: 60000, moz:webdriverClick: true, moz:windowless: false, pageLoadStrategy: normal, platformName: windows, proxy: Proxy(), se:cdp: ws://127.0.0.1:23577/devtoo..., se:cdpVersion: 85.0, setWindowRect: true, strictFileInteractability: false, timeouts: {implicit: 0, pageLoad: 300000, script: 30000}, unhandledPromptBehavior: dismiss and notify, userAgent: Mozilla/5.0 (Windows NT 10....}
Element: [[FirefoxDriver: firefox on windows (48b56fbb-b9cf-4b28-a8fe-ad4003129309)] -&gt; xpath: //button[@role=&apos;menuitem&apos;]]
Session ID: 48b56fbb-b9cf-4b28-a8fe-ad4003129309
	at java.base/jdk.internal.reflect.DirectConstructorHandleAccessor.newInstance(DirectConstructorHandleAccessor.java:62)
	at java.base/java.lang.reflect.Constructor.newInstanceWithCaller(Constructor.java:502)
	at java.base/java.lang.reflect.Constructor.newInstance(Constructor.java:486)
	at org.openqa.selenium.remote.ErrorCodec.decode(ErrorCodec.java:167)
	at org.openqa.selenium.remote.codec.w3c.W3CHttpResponseCodec.decode(W3CHttpResponseCodec.java:138)
	at org.openqa.selenium.remote.codec.w3c.W3CHttpResponseCodec.decode(W3CHttpResponseCodec.java:50)
	at org.openqa.selenium.remote.HttpCommandExecutor.execute(HttpCommandExecutor.java:190)
	at org.openqa.selenium.remote.service.DriverCommandExecutor.invokeExecute(DriverCommandExecutor.java:216)
	at org.openqa.selenium.remote.service.DriverCommandExecutor.execute(DriverCommandExecutor.java:174)
	at org.openqa.selenium.remote.RemoteWebDriver.execute(RemoteWebDriver.java:545)
	at org.openqa.selenium.remote.RemoteWebElement.execute(RemoteWebElement.java:223)
	at org.openqa.selenium.remote.RemoteWebElement.click(RemoteWebElement.java:76)
	at java.base/jdk.internal.reflect.DirectMethodHandleAccessor.invoke(DirectMethodHandleAccessor.java:103)
	at java.base/java.lang.reflect.Method.invoke(Method.java:580)
	at org.openqa.selenium.support.pagefactory.internal.LocatingElementHandler.invoke(LocatingElementHandler.java:51)
	at jdk.proxy2/jdk.proxy2.$Proxy48.click(Unknown Source)
	at pages.BasePage.elementClick(BasePage.java:34)
	at stepDefinitions.ProgramStepAddon.the_admin_is_in_add_new_program_pop_window(ProgramStepAddon.java:103)
	at ✽.The Admin is in Add New program pop window(file:///C:/Users/madhu/OneDrive/Desktop/SDET/LMS_ActionSquad/src/test/resources/Feature%20files/09_ProgramAdditional.feature:45)
</pre></div></td>
<td>32</td>
<td>testRunner.TestRunner@16b2bb0c</td></tr>
<tr>
<td title='testRunner.TestRunner.runScenario()'><b>runScenario</b><br>Test class: testRunner.TestRunner<br>Test method: Runs Cucumber Scenarios<br>Parameters: "Verify Home Link", "Additional Dashboard Functionality"</td>
<td><div><pre>java.lang.AssertionError: expected [true] but found [false]
	at stepDefinitions.DashboardStepAddon.admin_should_remain_in_the_home_page(DashboardStepAddon.java:121)
	at ✽.Admin should remain in the home page(file:///C:/Users/madhu/OneDrive/Desktop/SDET/LMS_ActionSquad/src/test/resources/Feature%20files/08_DashboardAdditional.feature:64)
... Removed 4 stack frames</pre></div><a href='#' onClick='toggleBox("stack-trace1500169170", this, "Click to show all stack frames", "Click to hide stack frames")'>Click to show all stack frames</a>
<div class='stack-trace' id='stack-trace1500169170'><pre>java.lang.AssertionError: expected [true] but found [false]
	at org.testng.Assert.fail(Assert.java:111)
	at org.testng.Assert.failNotEquals(Assert.java:1578)
	at org.testng.Assert.assertTrue(Assert.java:57)
	at org.testng.Assert.assertTrue(Assert.java:67)
	at stepDefinitions.DashboardStepAddon.admin_should_remain_in_the_home_page(DashboardStepAddon.java:121)
	at ✽.Admin should remain in the home page(file:///C:/Users/madhu/OneDrive/Desktop/SDET/LMS_ActionSquad/src/test/resources/Feature%20files/08_DashboardAdditional.feature:64)
</pre></div></td>
<td>39</td>
<td>testRunner.TestRunner@16b2bb0c</td></tr>
<tr>
<td title='testRunner.TestRunner.runScenario()'><b>runScenario</b><br>Test class: testRunner.TestRunner<br>Test method: Runs Cucumber Scenarios<br>Parameters: "Verify admin selects staff role", "Additional Login Functionality"</td>
<td><div><pre>org.openqa.selenium.NoSuchElementException: Unable to locate element: //mat-card-title/div
For documentation on this error, please visit: https://www.selenium.dev/documentation/webdriver/troubleshooting/errors#no-such-element-exception
Build info: version: &apos;4.27.0&apos;, revision: &apos;d6e718d134&apos;
System info: os.name: &apos;Windows 11&apos;, os.arch: &apos;amd64&apos;, os.version: &apos;10.0&apos;, java.version: &apos;21.0.5&apos;
Driver info: org.openqa.selenium.firefox.FirefoxDriver
Command: [5ebcd5c1-ae8f-473f-a197-1751165bea69, findElement {value=//mat-card-title/div, using=xpath}]
Capabilities {acceptInsecureCerts: true, browserName: firefox, browserVersion: 135.0.1, moz:accessibilityChecks: false, moz:buildID: 20250216192613, moz:debuggerAddress: 127.0.0.1:34976, moz:geckodriverVersion: 0.35.0, moz:headless: false, moz:platformVersion: 10.0, moz:processID: 145244, moz:profile: C:\Users\madhu\AppData\Loca..., moz:shutdownTimeout: 60000, moz:webdriverClick: true, moz:windowless: false, pageLoadStrategy: normal, platformName: windows, proxy: Proxy(), se:cdp: ws://127.0.0.1:34976/devtoo..., se:cdpVersion: 85.0, setWindowRect: true, strictFileInteractability: false, timeouts: {implicit: 0, pageLoad: 300000, script: 30000}, unhandledPromptBehavior: dismiss and notify, userAgent: Mozilla/5.0 (Windows NT 10....}
Session ID: 5ebcd5c1-ae8f-473f-a197-1751165bea69
	at org.openqa.selenium.remote.ErrorCodec.decode(ErrorCodec.java:167)
	at org.openqa.selenium.remote.codec.w3c.W3CHttpResponseCodec.decode(W3CHttpResponseCodec.java:138)
	at org.openqa.selenium.remote.codec.w3c.W3CHttpResponseCodec.decode(W3CHttpResponseCodec.java:50)
	at org.openqa.selenium.remote.HttpCommandExecutor.execute(HttpCommandExecutor.java:190)
	at org.openqa.selenium.remote.service.DriverCommandExecutor.invokeExecute(DriverCommandExecutor.java:216)
	at org.openqa.selenium.remote.service.DriverCommandExecutor.execute(DriverCommandExecutor.java:174)
	at org.openqa.selenium.remote.RemoteWebDriver.execute(RemoteWebDriver.java:545)
	at org.openqa.selenium.remote.ElementLocation$ElementFinder$2.findElement(ElementLocation.java:165)
	at org.openqa.selenium.remote.ElementLocation.findElement(ElementLocation.java:59)
	at org.openqa.selenium.remote.RemoteWebDriver.findElement(RemoteWebDriver.java:368)
	at org.openqa.selenium.remote.RemoteWebDriver.findElement(RemoteWebDriver.java:362)
	at org.openqa.selenium.support.pagefactory.DefaultElementLocator.findElement(DefaultElementLocator.java:68)
	at org.openqa.selenium.support.pagefactory.internal.LocatingElementHandler.invoke(LocatingElementHandler.java:38)
	at jdk.proxy2/jdk.proxy2.$Proxy48.isDisplayed(Unknown Source)
	at pages.BasePage.isElementPresent(BasePage.java:62)
	at stepDefinitions.LoginStepAddon.admin_should_not_be_navigated_to_lms_portal(LoginStepAddon.java:79)
	at ✽.Admin should not be navigated to LMS portal(file:///C:/Users/madhu/OneDrive/Desktop/SDET/LMS_ActionSquad/src/test/resources/Feature%20files/07_LoginAdditional.feature:32)
... Removed 3 stack frames</pre></div><a href='#' onClick='toggleBox("stack-trace290906479", this, "Click to show all stack frames", "Click to hide stack frames")'>Click to show all stack frames</a>
<div class='stack-trace' id='stack-trace290906479'><pre>org.openqa.selenium.NoSuchElementException: Unable to locate element: //mat-card-title/div
For documentation on this error, please visit: https://www.selenium.dev/documentation/webdriver/troubleshooting/errors#no-such-element-exception
Build info: version: &apos;4.27.0&apos;, revision: &apos;d6e718d134&apos;
System info: os.name: &apos;Windows 11&apos;, os.arch: &apos;amd64&apos;, os.version: &apos;10.0&apos;, java.version: &apos;21.0.5&apos;
Driver info: org.openqa.selenium.firefox.FirefoxDriver
Command: [5ebcd5c1-ae8f-473f-a197-1751165bea69, findElement {value=//mat-card-title/div, using=xpath}]
Capabilities {acceptInsecureCerts: true, browserName: firefox, browserVersion: 135.0.1, moz:accessibilityChecks: false, moz:buildID: 20250216192613, moz:debuggerAddress: 127.0.0.1:34976, moz:geckodriverVersion: 0.35.0, moz:headless: false, moz:platformVersion: 10.0, moz:processID: 145244, moz:profile: C:\Users\madhu\AppData\Loca..., moz:shutdownTimeout: 60000, moz:webdriverClick: true, moz:windowless: false, pageLoadStrategy: normal, platformName: windows, proxy: Proxy(), se:cdp: ws://127.0.0.1:34976/devtoo..., se:cdpVersion: 85.0, setWindowRect: true, strictFileInteractability: false, timeouts: {implicit: 0, pageLoad: 300000, script: 30000}, unhandledPromptBehavior: dismiss and notify, userAgent: Mozilla/5.0 (Windows NT 10....}
Session ID: 5ebcd5c1-ae8f-473f-a197-1751165bea69
	at java.base/jdk.internal.reflect.DirectConstructorHandleAccessor.newInstance(DirectConstructorHandleAccessor.java:62)
	at java.base/java.lang.reflect.Constructor.newInstanceWithCaller(Constructor.java:502)
	at java.base/java.lang.reflect.Constructor.newInstance(Constructor.java:486)
	at org.openqa.selenium.remote.ErrorCodec.decode(ErrorCodec.java:167)
	at org.openqa.selenium.remote.codec.w3c.W3CHttpResponseCodec.decode(W3CHttpResponseCodec.java:138)
	at org.openqa.selenium.remote.codec.w3c.W3CHttpResponseCodec.decode(W3CHttpResponseCodec.java:50)
	at org.openqa.selenium.remote.HttpCommandExecutor.execute(HttpCommandExecutor.java:190)
	at org.openqa.selenium.remote.service.DriverCommandExecutor.invokeExecute(DriverCommandExecutor.java:216)
	at org.openqa.selenium.remote.service.DriverCommandExecutor.execute(DriverCommandExecutor.java:174)
	at org.openqa.selenium.remote.RemoteWebDriver.execute(RemoteWebDriver.java:545)
	at org.openqa.selenium.remote.ElementLocation$ElementFinder$2.findElement(ElementLocation.java:165)
	at org.openqa.selenium.remote.ElementLocation.findElement(ElementLocation.java:59)
	at org.openqa.selenium.remote.RemoteWebDriver.findElement(RemoteWebDriver.java:368)
	at org.openqa.selenium.remote.RemoteWebDriver.findElement(RemoteWebDriver.java:362)
	at org.openqa.selenium.support.pagefactory.DefaultElementLocator.findElement(DefaultElementLocator.java:68)
	at org.openqa.selenium.support.pagefactory.internal.LocatingElementHandler.invoke(LocatingElementHandler.java:38)
	at jdk.proxy2/jdk.proxy2.$Proxy48.isDisplayed(Unknown Source)
	at pages.BasePage.isElementPresent(BasePage.java:62)
	at stepDefinitions.LoginStepAddon.admin_should_not_be_navigated_to_lms_portal(LoginStepAddon.java:79)
	at ✽.Admin should not be navigated to LMS portal(file:///C:/Users/madhu/OneDrive/Desktop/SDET/LMS_ActionSquad/src/test/resources/Feature%20files/07_LoginAdditional.feature:32)
</pre></div></td>
<td>51</td>
<td>testRunner.TestRunner@16b2bb0c</td></tr>
<tr>
<td title='testRunner.TestRunner.runScenario()'><b>runScenario</b><br>Test class: testRunner.TestRunner<br>Test method: Runs Cucumber Scenarios<br>Parameters: "Verify field mandatory message", "Additional Program Functionality"</td>
<td><div><pre>java.lang.AssertionError: expected [false] but found [true]
	at stepDefinitions.ProgramStepAddon.admin_receives_edit_mandatory_error_message(ProgramStepAddon.java:204)
	at ✽.Admin receives &quot;Description&quot; edit mandatory error message(file:///C:/Users/madhu/OneDrive/Desktop/SDET/LMS_ActionSquad/src/test/resources/Feature%20files/09_ProgramAdditional.feature:61)
... Removed 4 stack frames</pre></div><a href='#' onClick='toggleBox("stack-trace149335355", this, "Click to show all stack frames", "Click to hide stack frames")'>Click to show all stack frames</a>
<div class='stack-trace' id='stack-trace149335355'><pre>java.lang.AssertionError: expected [false] but found [true]
	at org.testng.Assert.fail(Assert.java:111)
	at org.testng.Assert.failNotEquals(Assert.java:1578)
	at org.testng.Assert.assertFalse(Assert.java:79)
	at org.testng.Assert.assertFalse(Assert.java:89)
	at stepDefinitions.ProgramStepAddon.admin_receives_edit_mandatory_error_message(ProgramStepAddon.java:204)
	at ✽.Admin receives &quot;Description&quot; edit mandatory error message(file:///C:/Users/madhu/OneDrive/Desktop/SDET/LMS_ActionSquad/src/test/resources/Feature%20files/09_ProgramAdditional.feature:61)
</pre></div></td>
<td>46</td>
<td>testRunner.TestRunner@16b2bb0c</td></tr>
<tr>
<td title='testRunner.TestRunner.runScenario()'><b>runScenario</b><br>Test class: testRunner.TestRunner<br>Test method: Runs Cucumber Scenarios<br>Parameters: "Verify all field empty error message", "Additional Login Functionality"</td>
<td><div><pre>java.lang.AssertionError: expected [false] but found [true]
	at stepDefinitions.LoginStepAddon.admin_receives_mandatory_fields_error_message(LoginStepAddon.java:42)
	at ✽.Admin receives mandatory fields error message(file:///C:/Users/madhu/OneDrive/Desktop/SDET/LMS_ActionSquad/src/test/resources/Feature%20files/07_LoginAdditional.feature:8)
... Removed 4 stack frames</pre></div><a href='#' onClick='toggleBox("stack-trace974437419", this, "Click to show all stack frames", "Click to hide stack frames")'>Click to show all stack frames</a>
<div class='stack-trace' id='stack-trace974437419'><pre>java.lang.AssertionError: expected [false] but found [true]
	at org.testng.Assert.fail(Assert.java:111)
	at org.testng.Assert.failNotEquals(Assert.java:1578)
	at org.testng.Assert.assertFalse(Assert.java:79)
	at org.testng.Assert.assertFalse(Assert.java:89)
	at stepDefinitions.LoginStepAddon.admin_receives_mandatory_fields_error_message(LoginStepAddon.java:42)
	at ✽.Admin receives mandatory fields error message(file:///C:/Users/madhu/OneDrive/Desktop/SDET/LMS_ActionSquad/src/test/resources/Feature%20files/07_LoginAdditional.feature:8)
</pre></div></td>
<td>52</td>
<td>testRunner.TestRunner@16b2bb0c</td></tr>
<tr>
<td title='testRunner.TestRunner.runScenario()'><b>runScenario</b><br>Test class: testRunner.TestRunner<br>Test method: Runs Cucumber Scenarios<br>Parameters: "Validate program count", "Additional Dashboard Functionality"</td>
<td><div><pre>java.lang.AssertionError: expected [69] but found [204]
	at stepDefinitions.DashboardStepAddon.admin_should_see_exact_total_count_of_active_and_inactive_program(DashboardStepAddon.java:180)
	at ✽.Admin should see exact total count of active and inactive program(file:///C:/Users/madhu/OneDrive/Desktop/SDET/LMS_ActionSquad/src/test/resources/Feature%20files/08_DashboardAdditional.feature:89)
... Removed 6 stack frames</pre></div><a href='#' onClick='toggleBox("stack-trace663826254", this, "Click to show all stack frames", "Click to hide stack frames")'>Click to show all stack frames</a>
<div class='stack-trace' id='stack-trace663826254'><pre>java.lang.AssertionError: expected [69] but found [204]
	at org.testng.Assert.fail(Assert.java:111)
	at org.testng.Assert.failNotEquals(Assert.java:1578)
	at org.testng.Assert.assertEqualsImpl(Assert.java:150)
	at org.testng.Assert.assertEquals(Assert.java:132)
	at org.testng.Assert.assertEquals(Assert.java:656)
	at org.testng.Assert.assertEquals(Assert.java:666)
	at stepDefinitions.DashboardStepAddon.admin_should_see_exact_total_count_of_active_and_inactive_program(DashboardStepAddon.java:180)
	at ✽.Admin should see exact total count of active and inactive program(file:///C:/Users/madhu/OneDrive/Desktop/SDET/LMS_ActionSquad/src/test/resources/Feature%20files/08_DashboardAdditional.feature:89)
</pre></div></td>
<td>38</td>
<td>testRunner.TestRunner@16b2bb0c</td></tr>
</table><p>
<table width='100%' border='1' class='invocation-passed'>
<tr><td colspan='4' align='center'><b>PASSED TESTS</b></td></tr>
<tr><td><b>Test method</b></td>
<td><b>Attribute(s)</b></td>
<td width="30%"><b>Exception</b></td>
<td width="10%"><b>Time (seconds)</b></td>
<td><b>Instance</b></td>
</tr>
<tr>
<td title='testRunner.TestRunner.runScenario()'><b>runScenario</b><br>Test class: testRunner.TestRunner<br>Test method: Runs Cucumber Scenarios<br>Parameters: "Verify staff data page split", "Dashboard Functionality"</td>
<td></td>
<td>40</td>
<td>testRunner.TestRunner@16b2bb0c</td></tr>
<tr>
<td title='testRunner.TestRunner.runScenario()'><b>runScenario</b><br>Test class: testRunner.TestRunner<br>Test method: Runs Cucumber Scenarios<br>Parameters: "verify page icon disable", "Dashboard Functionality"</td>
<td></td>
<td>41</td>
<td>testRunner.TestRunner@16b2bb0c</td></tr>
<tr>
<td title='testRunner.TestRunner.runScenario()'><b>runScenario</b><br>Test class: testRunner.TestRunner<br>Test method: Runs Cucumber Scenarios<br>Parameters: "Verify Staff data table column", "Additional Dashboard Functionality"</td>
<td></td>
<td>41</td>
<td>testRunner.TestRunner@16b2bb0c</td></tr>
<tr>
<td title='testRunner.TestRunner.runScenario()'><b>runScenario</b><br>Test class: testRunner.TestRunner<br>Test method: Runs Cucumber Scenarios<br>Parameters: "Verify staff table pagination", "Dashboard Functionality"</td>
<td></td>
<td>42</td>
<td>testRunner.TestRunner@16b2bb0c</td></tr>
<tr>
<td title='testRunner.TestRunner.runScenario()'><b>runScenario</b><br>Test class: testRunner.TestRunner<br>Test method: Runs Cucumber Scenarios<br>Parameters: "Verify Dashboard Section", "Additional Dashboard Functionality"</td>
<td></td>
<td>19</td>
<td>testRunner.TestRunner@16b2bb0c</td></tr>
<tr>
<td title='testRunner.TestRunner.runScenario()'><b>runScenario</b><br>Test class: testRunner.TestRunner<br>Test method: Runs Cucumber Scenarios<br>Parameters: "Verify Manage Program page title", "Additional Program Functionality"</td>
<td></td>
<td>25</td>
<td>testRunner.TestRunner@16b2bb0c</td></tr>
<tr>
<td title='testRunner.TestRunner.runScenario()'><b>runScenario</b><br>Test class: testRunner.TestRunner<br>Test method: Runs Cucumber Scenarios<br>Parameters: "Verify field invalid message", "Additional Program Functionality"</td>
<td></td>
<td>26</td>
<td>testRunner.TestRunner@16b2bb0c</td></tr>
<tr>
<td title='testRunner.TestRunner.runScenario()'><b>runScenario</b><br>Test class: testRunner.TestRunner<br>Test method: Runs Cucumber Scenarios<br>Parameters: "Verify User profile icon", "Additional Dashboard Functionality"</td>
<td></td>
<td>36</td>
<td>testRunner.TestRunner@16b2bb0c</td></tr>
<tr>
<td title='testRunner.TestRunner.runScenario()'><b>runScenario</b><br>Test class: testRunner.TestRunner<br>Test method: Runs Cucumber Scenarios<br>Parameters: "Verify Password masking", "Additional Login Functionality"</td>
<td></td>
<td>39</td>
<td>testRunner.TestRunner@16b2bb0c</td></tr>
<tr>
<td title='testRunner.TestRunner.runScenario()'><b>runScenario</b><br>Test class: testRunner.TestRunner<br>Test method: Runs Cucumber Scenarios<br>Parameters: "Verify section count", "Dashboard Functionality"</td>
<td></td>
<td>42</td>
<td>testRunner.TestRunner@16b2bb0c</td></tr>
<tr>
<td title='testRunner.TestRunner.runScenario()'><b>runScenario</b><br>Test class: testRunner.TestRunner<br>Test method: Runs Cucumber Scenarios<br>Parameters: "Verify LMS title", "Dashboard Functionality"</td>
<td></td>
<td>61</td>
<td>testRunner.TestRunner@16b2bb0c</td></tr>
<tr>
<td title='testRunner.TestRunner.runScenario()'><b>runScenario</b><br>Test class: testRunner.TestRunner<br>Test method: Runs Cucumber Scenarios<br>Parameters: "Validate navigation bar order", "Dashboard Functionality"</td>
<td></td>
<td>62</td>
<td>testRunner.TestRunner@16b2bb0c</td></tr>
<tr>
<td title='testRunner.TestRunner.runScenario()'><b>runScenario</b><br>Test class: testRunner.TestRunner<br>Test method: Runs Cucumber Scenarios<br>Parameters: "Verify LMS Login page title", "Additional Login Functionality"</td>
<td></td>
<td>37</td>
<td>testRunner.TestRunner@16b2bb0c</td></tr>
<tr>
<td title='testRunner.TestRunner.runScenario()'><b>runScenario</b><br>Test class: testRunner.TestRunner<br>Test method: Runs Cucumber Scenarios<br>Parameters: "Verify section text and icon", "Additional Dashboard Functionality"</td>
<td></td>
<td>34</td>
<td>testRunner.TestRunner@16b2bb0c</td></tr>
<tr>
<td title='testRunner.TestRunner.runScenario()'><b>runScenario</b><br>Test class: testRunner.TestRunner<br>Test method: Runs Cucumber Scenarios<br>Parameters: "Validate LMS title has correct spelling and space", "Dashboard Functionality"</td>
<td></td>
<td>62</td>
<td>testRunner.TestRunner@16b2bb0c</td></tr>
<tr>
<td title='testRunner.TestRunner.runScenario()'><b>runScenario</b><br>Test class: testRunner.TestRunner<br>Test method: Runs Cucumber Scenarios<br>Parameters: "Verify section text and icon", "Additional Dashboard Functionality"</td>
<td></td>
<td>33</td>
<td>testRunner.TestRunner@16b2bb0c</td></tr>
<tr>
<td title='testRunner.TestRunner.runScenario()'><b>runScenario</b><br>Test class: testRunner.TestRunner<br>Test method: Runs Cucumber Scenarios<br>Parameters: "Verify selected program name Delete message", "Additional Program Functionality"</td>
<td></td>
<td>18</td>
<td>testRunner.TestRunner@16b2bb0c</td></tr>
<tr>
<td title='testRunner.TestRunner.runScenario()'><b>runScenario</b><br>Test class: testRunner.TestRunner<br>Test method: Runs Cucumber Scenarios<br>Parameters: "Verify warning sign", "Additional Program Functionality"</td>
<td></td>
<td>24</td>
<td>testRunner.TestRunner@16b2bb0c</td></tr>
<tr>
<td title='testRunner.TestRunner.runScenario()'><b>runScenario</b><br>Test class: testRunner.TestRunner<br>Test method: Runs Cucumber Scenarios<br>Parameters: "Validate navigation bar order", "Dashboard Functionality"</td>
<td></td>
<td>61</td>
<td>testRunner.TestRunner@16b2bb0c</td></tr>
<tr>
<td title='testRunner.TestRunner.runScenario()'><b>runScenario</b><br>Test class: testRunner.TestRunner<br>Test method: Runs Cucumber Scenarios<br>Parameters: "Verify section count", "Dashboard Functionality"</td>
<td></td>
<td>59</td>
<td>testRunner.TestRunner@16b2bb0c</td></tr>
<tr>
<td title='testRunner.TestRunner.runScenario()'><b>runScenario</b><br>Test class: testRunner.TestRunner<br>Test method: Runs Cucumber Scenarios<br>Parameters: "Verify section count", "Dashboard Functionality"</td>
<td></td>
<td>44</td>
<td>testRunner.TestRunner@16b2bb0c</td></tr>
<tr>
<td title='testRunner.TestRunner.runScenario()'><b>runScenario</b><br>Test class: testRunner.TestRunner<br>Test method: Runs Cucumber Scenarios<br>Parameters: "Verify field invalid message", "Additional Program Functionality"</td>
<td></td>
<td>27</td>
<td>testRunner.TestRunner@16b2bb0c</td></tr>
<tr>
<td title='testRunner.TestRunner.runScenario()'><b>runScenario</b><br>Test class: testRunner.TestRunner<br>Test method: Runs Cucumber Scenarios<br>Parameters: "Verify field invalid message", "Additional Program Functionality"</td>
<td></td>
<td>19</td>
<td>testRunner.TestRunner@16b2bb0c</td></tr>
<tr>
<td title='testRunner.TestRunner.runScenario()'><b>runScenario</b><br>Test class: testRunner.TestRunner<br>Test method: Runs Cucumber Scenarios<br>Parameters: "Verify program search text with different case", "Additional Program Functionality"</td>
<td></td>
<td>59</td>
<td>testRunner.TestRunner@16b2bb0c</td></tr>
<tr>
<td title='testRunner.TestRunner.runScenario()'><b>runScenario</b><br>Test class: testRunner.TestRunner<br>Test method: Runs Cucumber Scenarios<br>Parameters: "Verify field invalid message", "Additional Program Functionality"</td>
<td></td>
<td>25</td>
<td>testRunner.TestRunner@16b2bb0c</td></tr>
<tr>
<td title='testRunner.TestRunner.runScenario()'><b>runScenario</b><br>Test class: testRunner.TestRunner<br>Test method: Runs Cucumber Scenarios<br>Parameters: "Verify Staff data table column", "Additional Dashboard Functionality"</td>
<td></td>
<td>27</td>
<td>testRunner.TestRunner@16b2bb0c</td></tr>
<tr>
<td title='testRunner.TestRunner.runScenario()'><b>runScenario</b><br>Test class: testRunner.TestRunner<br>Test method: Runs Cucumber Scenarios<br>Parameters: "Verify field mandatory message", "Additional Program Functionality"</td>
<td></td>
<td>29</td>
<td>testRunner.TestRunner@16b2bb0c</td></tr>
<tr>
<td title='testRunner.TestRunner.runScenario()'><b>runScenario</b><br>Test class: testRunner.TestRunner<br>Test method: Runs Cucumber Scenarios<br>Parameters: "Verify navigation from Program page", "Additional Program Functionality"</td>
<td></td>
<td>30</td>
<td>testRunner.TestRunner@16b2bb0c</td></tr>
<tr>
<td title='testRunner.TestRunner.runScenario()'><b>runScenario</b><br>Test class: testRunner.TestRunner<br>Test method: Runs Cucumber Scenarios<br>Parameters: "Validate navigation bar order", "Dashboard Functionality"</td>
<td></td>
<td>63</td>
<td>testRunner.TestRunner@16b2bb0c</td></tr>
<tr>
<td title='testRunner.TestRunner.runScenario()'><b>runScenario</b><br>Test class: testRunner.TestRunner<br>Test method: Runs Cucumber Scenarios<br>Parameters: "Verify Welcome Text", "Additional Dashboard Functionality"</td>
<td></td>
<td>35</td>
<td>testRunner.TestRunner@16b2bb0c</td></tr>
<tr>
<td title='testRunner.TestRunner.runScenario()'><b>runScenario</b><br>Test class: testRunner.TestRunner<br>Test method: Runs Cucumber Scenarios<br>Parameters: "Verify page navigation with icon", "Additional Dashboard Functionality"</td>
<td></td>
<td>37</td>
<td>testRunner.TestRunner@16b2bb0c</td></tr>
<tr>
<td title='testRunner.TestRunner.runScenario()'><b>runScenario</b><br>Test class: testRunner.TestRunner<br>Test method: Runs Cucumber Scenarios<br>Parameters: "Verify Staff data table column", "Additional Dashboard Functionality"</td>
<td></td>
<td>31</td>
<td>testRunner.TestRunner@16b2bb0c</td></tr>
<tr>
<td title='testRunner.TestRunner.runScenario()'><b>runScenario</b><br>Test class: testRunner.TestRunner<br>Test method: Runs Cucumber Scenarios<br>Parameters: "Verify Staff data table column", "Additional Dashboard Functionality"</td>
<td></td>
<td>23</td>
<td>testRunner.TestRunner@16b2bb0c</td></tr>
<tr>
<td title='testRunner.TestRunner.runScenario()'><b>runScenario</b><br>Test class: testRunner.TestRunner<br>Test method: Runs Cucumber Scenarios<br>Parameters: "Verify section text and icon", "Additional Dashboard Functionality"</td>
<td></td>
<td>29</td>
<td>testRunner.TestRunner@16b2bb0c</td></tr>
<tr>
<td title='testRunner.TestRunner.runScenario()'><b>runScenario</b><br>Test class: testRunner.TestRunner<br>Test method: Runs Cucumber Scenarios<br>Parameters: "Verify section text and icon", "Additional Dashboard Functionality"</td>
<td></td>
<td>34</td>
<td>testRunner.TestRunner@16b2bb0c</td></tr>
<tr>
<td title='testRunner.TestRunner.runScenario()'><b>runScenario</b><br>Test class: testRunner.TestRunner<br>Test method: Runs Cucumber Scenarios<br>Parameters: "Verify field invalid message", "Additional Program Functionality"</td>
<td></td>
<td>29</td>
<td>testRunner.TestRunner@16b2bb0c</td></tr>
<tr>
<td title='testRunner.TestRunner.runScenario()'><b>runScenario</b><br>Test class: testRunner.TestRunner<br>Test method: Runs Cucumber Scenarios<br>Parameters: "Verify section count", "Dashboard Functionality"</td>
<td></td>
<td>48</td>
<td>testRunner.TestRunner@16b2bb0c</td></tr>
<tr>
<td title='testRunner.TestRunner.runScenario()'><b>runScenario</b><br>Test class: testRunner.TestRunner<br>Test method: Runs Cucumber Scenarios<br>Parameters: "Verify page navigation with icon", "Additional Dashboard Functionality"</td>
<td></td>
<td>39</td>
<td>testRunner.TestRunner@16b2bb0c</td></tr>
<tr>
<td title='testRunner.TestRunner.runScenario()'><b>runScenario</b><br>Test class: testRunner.TestRunner<br>Test method: Runs Cucumber Scenarios<br>Parameters: "Validate alignment for navigation bar", "Dashboard Functionality"</td>
<td></td>
<td>62</td>
<td>testRunner.TestRunner@16b2bb0c</td></tr>
<tr>
<td title='testRunner.TestRunner.runScenario()'><b>runScenario</b><br>Test class: testRunner.TestRunner<br>Test method: Runs Cucumber Scenarios<br>Parameters: "Verify user details", "Dashboard Functionality"</td>
<td></td>
<td>74</td>
<td>testRunner.TestRunner@16b2bb0c</td></tr>
<tr>
<td title='testRunner.TestRunner.runScenario()'><b>runScenario</b><br>Test class: testRunner.TestRunner<br>Test method: Runs Cucumber Scenarios<br>Parameters: "verify page icon disable", "Dashboard Functionality"</td>
<td></td>
<td>42</td>
<td>testRunner.TestRunner@16b2bb0c</td></tr>
<tr>
<td title='testRunner.TestRunner.runScenario()'><b>runScenario</b><br>Test class: testRunner.TestRunner<br>Test method: Runs Cucumber Scenarios<br>Parameters: "Verify field invalid message", "Additional Program Functionality"</td>
<td></td>
<td>32</td>
<td>testRunner.TestRunner@16b2bb0c</td></tr>
<tr>
<td title='testRunner.TestRunner.runScenario()'><b>runScenario</b><br>Test class: testRunner.TestRunner<br>Test method: Runs Cucumber Scenarios<br>Parameters: "Verify field invalid message", "Additional Program Functionality"</td>
<td></td>
<td>29</td>
<td>testRunner.TestRunner@16b2bb0c</td></tr>
<tr>
<td title='testRunner.TestRunner.runScenario()'><b>runScenario</b><br>Test class: testRunner.TestRunner<br>Test method: Runs Cucumber Scenarios<br>Parameters: "Verify navigation from Program page", "Additional Program Functionality"</td>
<td></td>
<td>49</td>
<td>testRunner.TestRunner@16b2bb0c</td></tr>
<tr>
<td title='testRunner.TestRunner.runScenario()'><b>runScenario</b><br>Test class: testRunner.TestRunner<br>Test method: Runs Cucumber Scenarios<br>Parameters: "Verify bar chart", "Dashboard Functionality"</td>
<td></td>
<td>42</td>
<td>testRunner.TestRunner@16b2bb0c</td></tr>
<tr>
<td title='testRunner.TestRunner.runScenario()'><b>runScenario</b><br>Test class: testRunner.TestRunner<br>Test method: Runs Cucumber Scenarios<br>Parameters: "Verify navigation from Program page", "Additional Program Functionality"</td>
<td></td>
<td>31</td>
<td>testRunner.TestRunner@16b2bb0c</td></tr>
<tr>
<td title='testRunner.TestRunner.runScenario()'><b>runScenario</b><br>Test class: testRunner.TestRunner<br>Test method: Runs Cucumber Scenarios<br>Parameters: "Verify field invalid message", "Additional Program Functionality"</td>
<td></td>
<td>31</td>
<td>testRunner.TestRunner@16b2bb0c</td></tr>
<tr>
<td title='testRunner.TestRunner.runScenario()'><b>runScenario</b><br>Test class: testRunner.TestRunner<br>Test method: Runs Cucumber Scenarios<br>Parameters: "Verify LMS Dashboard page title", "Additional Dashboard Functionality"</td>
<td></td>
<td>27</td>
<td>testRunner.TestRunner@16b2bb0c</td></tr>
<tr>
<td title='testRunner.TestRunner.runScenario()'><b>runScenario</b><br>Test class: testRunner.TestRunner<br>Test method: Runs Cucumber Scenarios<br>Parameters: "Validate navigation bar text", "Dashboard Functionality"</td>
<td></td>
<td>61</td>
<td>testRunner.TestRunner@16b2bb0c</td></tr>
<tr>
<td title='testRunner.TestRunner.runScenario()'><b>runScenario</b><br>Test class: testRunner.TestRunner<br>Test method: Runs Cucumber Scenarios<br>Parameters: "Verify LMS title alignment", "Dashboard Functionality"</td>
<td></td>
<td>61</td>
<td>testRunner.TestRunner@16b2bb0c</td></tr>
<tr>
<td title='testRunner.TestRunner.runScenario()'><b>runScenario</b><br>Test class: testRunner.TestRunner<br>Test method: Runs Cucumber Scenarios<br>Parameters: "Verify field invalid message", "Additional Program Functionality"</td>
<td></td>
<td>21</td>
<td>testRunner.TestRunner@16b2bb0c</td></tr>
<tr>
<td title='testRunner.TestRunner.runScenario()'><b>runScenario</b><br>Test class: testRunner.TestRunner<br>Test method: Runs Cucumber Scenarios<br>Parameters: "Validate navigation bar order", "Dashboard Functionality"</td>
<td></td>
<td>61</td>
<td>testRunner.TestRunner@16b2bb0c</td></tr>
<tr>
<td title='testRunner.TestRunner.runScenario()'><b>runScenario</b><br>Test class: testRunner.TestRunner<br>Test method: Runs Cucumber Scenarios<br>Parameters: "Verify Staff data table header", "Additional Dashboard Functionality"</td>
<td></td>
<td>26</td>
<td>testRunner.TestRunner@16b2bb0c</td></tr>
<tr>
<td title='testRunner.TestRunner.runScenario()'><b>runScenario</b><br>Test class: testRunner.TestRunner<br>Test method: Runs Cucumber Scenarios<br>Parameters: "Verify navigation from Program page", "Additional Program Functionality"</td>
<td></td>
<td>28</td>
<td>testRunner.TestRunner@16b2bb0c</td></tr>
<tr>
<td title='testRunner.TestRunner.runScenario()'><b>runScenario</b><br>Test class: testRunner.TestRunner<br>Test method: Runs Cucumber Scenarios<br>Parameters: "Verify warning sign", "Additional Program Functionality"</td>
<td></td>
<td>20</td>
<td>testRunner.TestRunner@16b2bb0c</td></tr>
<tr>
<td title='testRunner.TestRunner.runScenario()'><b>runScenario</b><br>Test class: testRunner.TestRunner<br>Test method: Runs Cucumber Scenarios<br>Parameters: "verify pie-chart presence", "Dashboard Functionality"</td>
<td></td>
<td>43</td>
<td>testRunner.TestRunner@16b2bb0c</td></tr>
<tr>
<td title='testRunner.TestRunner.runScenario()'><b>runScenario</b><br>Test class: testRunner.TestRunner<br>Test method: Runs Cucumber Scenarios<br>Parameters: "Verify page navigation with icon", "Additional Dashboard Functionality"</td>
<td></td>
<td>37</td>
<td>testRunner.TestRunner@16b2bb0c</td></tr>
<tr>
<td title='testRunner.TestRunner.runScenario()'><b>runScenario</b><br>Test class: testRunner.TestRunner<br>Test method: Runs Cucumber Scenarios<br>Parameters: "Validate navigation bar order", "Dashboard Functionality"</td>
<td></td>
<td>61</td>
<td>testRunner.TestRunner@16b2bb0c</td></tr>
</table><p>
</body>
</html>