{"uuid":"3157bc50-f652-43c5-8afd-9080fbe8d53b","historyId":"9b04590072b4be7489bbef7905e1487d","testCaseId":"e50fef84362fe6005fef50ab383904a9","fullName":"src/test/resources/Feature files/05_Class.feature:184","labels":[{"name":"tag","value":"Classpage"},{"name":"tag","value":"LMS"},{"name":"host","value":"MyGenie"},{"name":"thread","value":"208112@MyGenie.main(1)"},{"name":"feature","value":"Class page validation"},{"name":"story","value":"Search class by Staff Name"},{"name":"suite","value":"Class page validation"},{"name":"testClass","value":"Search class by Staff Name"},{"name":"framework","value":"cucumber4jvm"},{"name":"language","value":"java"},{"name":"gherkin_uri","value":"file:///C:/Users/madhu/OneDrive/Desktop/SDET/LMS_ActionSquad/src/test/resources/Feature%20files/05_Class.feature"},{"name":"package","value":"src.test.resources.Feature files.05_Class_feature.Class page validation"}],"links":[],"name":"Search class by Staff Name","status":"failed","statusDetails":{"known":false,"muted":false,"flaky":false,"message":"expected [] but found [Kevin Thomas]","trace":"java.lang.AssertionError: expected [] but found [Kevin Thomas]\r\n\tat org.testng.Assert.fail(Assert.java:111)\r\n\tat org.testng.Assert.failNotEquals(Assert.java:1578)\r\n\tat org.testng.Assert.assertEqualsImpl(Assert.java:150)\r\n\tat org.testng.Assert.assertEquals(Assert.java:132)\r\n\tat org.testng.Assert.assertEquals(Assert.java:656)\r\n\tat org.testng.Assert.assertEquals(Assert.java:666)\r\n\tat stepDefinitions.ClassStep.admin_should_see_class_details_are_searched_by_staff_name(ClassStep.java:419)\r\n\tat ✽.Admin should see Class details are searched by Staff name(file:///C:/Users/madhu/OneDrive/Desktop/SDET/LMS_ActionSquad/src/test/resources/Feature%20files/05_Class.feature:187)\r\n"},"stage":"finished","steps":[{"name":"Given Admin is on login Page","status":"passed","statusDetails":{"known":false,"muted":false,"flaky":false},"stage":"finished","steps":[],"attachments":[],"parameters":[],"start":1740467079789,"stop":1740467079789},{"name":"When Admin enter valid data in all field and clicks login button","status":"passed","statusDetails":{"known":false,"muted":false,"flaky":false},"stage":"finished","steps":[],"attachments":[],"parameters":[],"start":1740467079789,"stop":1740467080187},{"name":"Given Admin is on the Manage Class page","status":"passed","statusDetails":{"known":false,"muted":false,"flaky":false},"stage":"finished","steps":[],"attachments":[],"parameters":[],"start":1740467080187,"stop":1740467081035},{"name":"When Admin enter the Staff Name in search textbox and Enter","status":"passed","statusDetails":{"known":false,"muted":false,"flaky":false},"stage":"finished","steps":[],"attachments":[],"parameters":[],"start":1740467081036,"stop":1740467081250},{"name":"Then Admin should see Class details are searched by Staff name","status":"failed","statusDetails":{"known":false,"muted":false,"flaky":false,"message":"expected [] but found [Kevin Thomas]","trace":"java.lang.AssertionError: expected [] but found [Kevin Thomas]\r\n\tat org.testng.Assert.fail(Assert.java:111)\r\n\tat org.testng.Assert.failNotEquals(Assert.java:1578)\r\n\tat org.testng.Assert.assertEqualsImpl(Assert.java:150)\r\n\tat org.testng.Assert.assertEquals(Assert.java:132)\r\n\tat org.testng.Assert.assertEquals(Assert.java:656)\r\n\tat org.testng.Assert.assertEquals(Assert.java:666)\r\n\tat stepDefinitions.ClassStep.admin_should_see_class_details_are_searched_by_staff_name(ClassStep.java:419)\r\n\tat ✽.Admin should see Class details are searched by Staff name(file:///C:/Users/madhu/OneDrive/Desktop/SDET/LMS_ActionSquad/src/test/resources/Feature%20files/05_Class.feature:187)\r\n"},"stage":"finished","steps":[],"attachments":[],"parameters":[],"start":1740467081250,"stop":1740467081295}],"attachments":[],"parameters":[],"start":1740467068247,"stop":1740467081714}