{"uuid":"36b8863c-3733-4aa1-b6c5-7cfab4c1243c","historyId":"191e823d7d1687b0eb13f4cbf643fb58","testCaseId":"6b26e6906104616a2d0e73a2652b19de","fullName":"src/test/resources/Feature files/09_ProgramAdditional.feature:41","labels":[{"name":"tag","value":"ProgramExtra"},{"name":"tag","value":"LMS"},{"name":"tag","value":"Dash"},{"name":"tag","value":"AddMandatoryMsg"},{"name":"host","value":"MyGenie"},{"name":"thread","value":"219328@MyGenie.main(1)"},{"name":"feature","value":"Additional Program Functionality"},{"name":"story","value":"Verify field mandatory message"},{"name":"suite","value":"Additional Program Functionality"},{"name":"testClass","value":"Verify field mandatory message"},{"name":"framework","value":"cucumber4jvm"},{"name":"language","value":"java"},{"name":"gherkin_uri","value":"file:///C:/Users/madhu/OneDrive/Desktop/SDET/LMS_ActionSquad/src/test/resources/Feature%20files/09_ProgramAdditional.feature"},{"name":"package","value":"src.test.resources.Feature files.09_ProgramAdditional_feature.Additional Program Functionality"}],"links":[],"name":"Verify field mandatory message","status":"failed","statusDetails":{"known":false,"muted":false,"flaky":false,"message":"expected [Status is required.] but found [Description is required.]","trace":"java.lang.AssertionError: expected [Status is required.] but found [Description is required.]\r\n\tat org.testng.Assert.fail(Assert.java:111)\r\n\tat org.testng.Assert.failNotEquals(Assert.java:1578)\r\n\tat org.testng.Assert.assertEqualsImpl(Assert.java:150)\r\n\tat org.testng.Assert.assertEquals(Assert.java:132)\r\n\tat org.testng.Assert.assertEquals(Assert.java:656)\r\n\tat org.testng.Assert.assertEquals(Assert.java:666)\r\n\tat stepDefinitions.ProgramStepAddon.admin_receives_mandatory_error_message(ProgramStepAddon.java:128)\r\n\tat ✽.Admin receives \"Status\" mandatory error message(file:///C:/Users/madhu/OneDrive/Desktop/SDET/LMS_ActionSquad/src/test/resources/Feature%20files/09_ProgramAdditional.feature:35)\r\n"},"stage":"finished","steps":[{"name":"Given Admin is on home page after Logs in","status":"passed","statusDetails":{"known":false,"muted":false,"flaky":false},"stage":"finished","steps":[],"attachments":[],"parameters":[],"start":1740479748779,"stop":1740479749182},{"name":"Given The Admin is in Add New program pop window","status":"passed","statusDetails":{"known":false,"muted":false,"flaky":false},"stage":"finished","steps":[],"attachments":[],"parameters":[],"start":1740479749182,"stop":1740479749708},{"name":"When Admin leaves \"Status\" empty and clicks save","status":"passed","statusDetails":{"known":false,"muted":false,"flaky":false},"stage":"finished","steps":[],"attachments":[],"parameters":[],"start":1740479749709,"stop":1740479749948},{"name":"Then Admin receives \"Status\" mandatory error message","status":"failed","statusDetails":{"known":false,"muted":false,"flaky":false,"message":"expected [Status is required.] but found [Description is required.]","trace":"java.lang.AssertionError: expected [Status is required.] but found [Description is required.]\r\n\tat org.testng.Assert.fail(Assert.java:111)\r\n\tat org.testng.Assert.failNotEquals(Assert.java:1578)\r\n\tat org.testng.Assert.assertEqualsImpl(Assert.java:150)\r\n\tat org.testng.Assert.assertEquals(Assert.java:132)\r\n\tat org.testng.Assert.assertEquals(Assert.java:656)\r\n\tat org.testng.Assert.assertEquals(Assert.java:666)\r\n\tat stepDefinitions.ProgramStepAddon.admin_receives_mandatory_error_message(ProgramStepAddon.java:128)\r\n\tat ✽.Admin receives \"Status\" mandatory error message(file:///C:/Users/madhu/OneDrive/Desktop/SDET/LMS_ActionSquad/src/test/resources/Feature%20files/09_ProgramAdditional.feature:35)\r\n"},"stage":"finished","steps":[],"attachments":[],"parameters":[],"start":1740479749948,"stop":1740479749972}],"attachments":[],"parameters":[{"name":"field","value":"Status"}],"start":1740479744851,"stop":1740479754277}