{"uuid":"5c4d3046-57bf-4768-91da-ce6041a4728b","historyId":"cfaf1da8a6a7564d0a604e497cf79840","testCaseId":"966b71ebcc3f99e9b9a42ba71c6b431e","fullName":"src/test/resources/Feature files/09_ProgramAdditional.feature:76","labels":[{"name":"tag","value":"ProgramExtra"},{"name":"tag","value":"LMS"},{"name":"tag","value":"Dash"},{"name":"tag","value":"EditInvalidMsg"},{"name":"host","value":"MyGenie"},{"name":"thread","value":"219328@MyGenie.main(1)"},{"name":"feature","value":"Additional Program Functionality"},{"name":"story","value":"Verify field invalid message"},{"name":"suite","value":"Additional Program Functionality"},{"name":"testClass","value":"Verify field invalid message"},{"name":"framework","value":"cucumber4jvm"},{"name":"language","value":"java"},{"name":"gherkin_uri","value":"file:///C:/Users/madhu/OneDrive/Desktop/SDET/LMS_ActionSquad/src/test/resources/Feature%20files/09_ProgramAdditional.feature"},{"name":"package","value":"src.test.resources.Feature files.09_ProgramAdditional_feature.Additional Program Functionality"}],"links":[],"name":"Verify field invalid message","status":"failed","statusDetails":{"known":false,"muted":false,"flaky":false,"message":"expected [This field should start with an alphabet, no special char and min 2 char.] but found []","trace":"java.lang.AssertionError: expected [This field should start with an alphabet, no special char and min 2 char.] but found []\r\n\tat org.testng.Assert.fail(Assert.java:111)\r\n\tat org.testng.Assert.failNotEquals(Assert.java:1578)\r\n\tat org.testng.Assert.assertEqualsImpl(Assert.java:150)\r\n\tat org.testng.Assert.assertEquals(Assert.java:132)\r\n\tat org.testng.Assert.assertEquals(Assert.java:656)\r\n\tat org.testng.Assert.assertEquals(Assert.java:666)\r\n\tat stepDefinitions.ProgramStepAddon.admin_receives_invalid_error_message(ProgramStepAddon.java:167)\r\n\tat ✽.Admin receives \"NameSpcChar\" invalid error message(file:///C:/Users/madhu/OneDrive/Desktop/SDET/LMS_ActionSquad/src/test/resources/Feature%20files/09_ProgramAdditional.feature:72)\r\n"},"stage":"finished","steps":[{"name":"Given Admin is on home page after Logs in","status":"passed","statusDetails":{"known":false,"muted":false,"flaky":false},"stage":"finished","steps":[],"attachments":[],"parameters":[],"start":1740478164253,"stop":1740478165054},{"name":"Given The Admin is in Edit program pop window","status":"passed","statusDetails":{"known":false,"muted":false,"flaky":false},"stage":"finished","steps":[],"attachments":[],"parameters":[],"start":1740478165054,"stop":1740478165343},{"name":"When Admin enters invalid \"NameSpcChar\" and clicks save","status":"passed","statusDetails":{"known":false,"muted":false,"flaky":false},"stage":"finished","steps":[],"attachments":[],"parameters":[],"start":1740478165343,"stop":1740478165384},{"name":"Then Admin receives \"NameSpcChar\" invalid error message","status":"failed","statusDetails":{"known":false,"muted":false,"flaky":false,"message":"expected [This field should start with an alphabet, no special char and min 2 char.] but found []","trace":"java.lang.AssertionError: expected [This field should start with an alphabet, no special char and min 2 char.] but found []\r\n\tat org.testng.Assert.fail(Assert.java:111)\r\n\tat org.testng.Assert.failNotEquals(Assert.java:1578)\r\n\tat org.testng.Assert.assertEqualsImpl(Assert.java:150)\r\n\tat org.testng.Assert.assertEquals(Assert.java:132)\r\n\tat org.testng.Assert.assertEquals(Assert.java:656)\r\n\tat org.testng.Assert.assertEquals(Assert.java:666)\r\n\tat stepDefinitions.ProgramStepAddon.admin_receives_invalid_error_message(ProgramStepAddon.java:167)\r\n\tat ✽.Admin receives \"NameSpcChar\" invalid error message(file:///C:/Users/madhu/OneDrive/Desktop/SDET/LMS_ActionSquad/src/test/resources/Feature%20files/09_ProgramAdditional.feature:72)\r\n"},"stage":"finished","steps":[],"attachments":[],"parameters":[],"start":1740478165384,"stop":1740478165398}],"attachments":[],"parameters":[{"name":"field","value":"NameSpcChar"}],"start":1740478152841,"stop":1740478167233}