{"uuid":"a29cfb3f-cba0-4752-9d78-5b5ca231b3dd","historyId":"27a03bdf1645273db830075aea13a320","testCaseId":"6b26e6906104616a2d0e73a2652b19de","fullName":"src/test/resources/Feature files/09_ProgramAdditional.feature:66","labels":[{"name":"tag","value":"ProgramExtra"},{"name":"tag","value":"LMS"},{"name":"tag","value":"Dash"},{"name":"tag","value":"EditMandatoryMsg"},{"name":"host","value":"MyGenie"},{"name":"thread","value":"164884@MyGenie.main(1)"},{"name":"feature","value":"Additional Program Functionality"},{"name":"story","value":"Verify field mandatory message"},{"name":"suite","value":"Additional Program Functionality"},{"name":"testClass","value":"Verify field mandatory message"},{"name":"framework","value":"cucumber4jvm"},{"name":"language","value":"java"},{"name":"gherkin_uri","value":"file:///C:/Users/madhu/OneDrive/Desktop/SDET/LMS_ActionSquad/src/test/resources/Feature%20files/09_ProgramAdditional.feature"},{"name":"package","value":"src.test.resources.Feature files.09_ProgramAdditional_feature.Additional Program Functionality"}],"links":[],"name":"Verify field mandatory message","status":"failed","statusDetails":{"known":false,"muted":false,"flaky":false,"message":"expected [false] but found [true]","trace":"java.lang.AssertionError: expected [false] but found [true]\r\n\tat org.testng.Assert.fail(Assert.java:111)\r\n\tat org.testng.Assert.failNotEquals(Assert.java:1578)\r\n\tat org.testng.Assert.assertFalse(Assert.java:79)\r\n\tat org.testng.Assert.assertFalse(Assert.java:89)\r\n\tat stepDefinitions.ProgramStepAddon.admin_receives_edit_mandatory_error_message(ProgramStepAddon.java:204)\r\n\tat ✽.Admin receives \"Description\" edit mandatory error message(file:///C:/Users/madhu/OneDrive/Desktop/SDET/LMS_ActionSquad/src/test/resources/Feature%20files/09_ProgramAdditional.feature:61)\r\n"},"stage":"finished","steps":[{"name":"Given Admin is on home page after Logs in","status":"passed","statusDetails":{"known":false,"muted":false,"flaky":false},"stage":"finished","steps":[],"attachments":[],"parameters":[],"start":1740348344082,"stop":1740348345010},{"name":"Given The Admin is in Edit program pop window","status":"passed","statusDetails":{"known":false,"muted":false,"flaky":false},"stage":"finished","steps":[],"attachments":[],"parameters":[],"start":1740348345010,"stop":1740348346176},{"name":"When Admin clears \"Description\" and clicks save","status":"passed","statusDetails":{"known":false,"muted":false,"flaky":false},"stage":"finished","steps":[],"attachments":[],"parameters":[],"start":1740348346177,"stop":1740348346365},{"name":"Then Admin receives \"Description\" edit mandatory error message","status":"failed","statusDetails":{"known":false,"muted":false,"flaky":false,"message":"expected [false] but found [true]","trace":"java.lang.AssertionError: expected [false] but found [true]\r\n\tat org.testng.Assert.fail(Assert.java:111)\r\n\tat org.testng.Assert.failNotEquals(Assert.java:1578)\r\n\tat org.testng.Assert.assertFalse(Assert.java:79)\r\n\tat org.testng.Assert.assertFalse(Assert.java:89)\r\n\tat stepDefinitions.ProgramStepAddon.admin_receives_edit_mandatory_error_message(ProgramStepAddon.java:204)\r\n\tat ✽.Admin receives \"Description\" edit mandatory error message(file:///C:/Users/madhu/OneDrive/Desktop/SDET/LMS_ActionSquad/src/test/resources/Feature%20files/09_ProgramAdditional.feature:61)\r\n"},"stage":"finished","steps":[],"attachments":[],"parameters":[],"start":1740348346365,"stop":1740348356395}],"attachments":[],"parameters":[{"name":"field","value":"Description"}],"start":1740348340010,"stop":1740348357301}