{"uuid":"edaf77a9-2a46-4d14-b699-a3d440395c5b","historyId":"e7105d2bfddce780ec3a131500c71ff0","testCaseId":"a1fb60b5dc88d7d8697b167e1d8361d7","fullName":"src/test/resources/Feature files/05_Class.feature:137","labels":[{"name":"tag","value":"Classpage"},{"name":"tag","value":"LMS"},{"name":"host","value":"MyGenie"},{"name":"thread","value":"208112@MyGenie.main(1)"},{"name":"feature","value":"Class page validation"},{"name":"story","value":"Check if the fields are updated with invalid values"},{"name":"suite","value":"Class page validation"},{"name":"testClass","value":"Check if the fields are updated with invalid values"},{"name":"framework","value":"cucumber4jvm"},{"name":"language","value":"java"},{"name":"gherkin_uri","value":"file:///C:/Users/madhu/OneDrive/Desktop/SDET/LMS_ActionSquad/src/test/resources/Feature%20files/05_Class.feature"},{"name":"package","value":"src.test.resources.Feature files.05_Class_feature.Class page validation"}],"links":[],"name":"Check if the fields are updated with invalid values","status":"failed","statusDetails":{"known":false,"muted":false,"flaky":false,"message":"expected [Error Message] but found []","trace":"java.lang.AssertionError: expected [Error Message] but found []\r\n\tat org.testng.Assert.fail(Assert.java:111)\r\n\tat org.testng.Assert.failNotEquals(Assert.java:1578)\r\n\tat org.testng.Assert.assertEqualsImpl(Assert.java:150)\r\n\tat org.testng.Assert.assertEquals(Assert.java:132)\r\n\tat org.testng.Assert.assertEquals(Assert.java:656)\r\n\tat org.testng.Assert.assertEquals(Assert.java:666)\r\n\tat stepDefinitions.ClassStep.admin_should_get_error_message(ClassStep.java:373)\r\n\tat ✽.Admin should get Error message(file:///C:/Users/madhu/OneDrive/Desktop/SDET/LMS_ActionSquad/src/test/resources/Feature%20files/05_Class.feature:134)\r\n"},"stage":"finished","steps":[{"name":"Given Admin is on login Page","status":"passed","statusDetails":{"known":false,"muted":false,"flaky":false},"stage":"finished","steps":[],"attachments":[],"parameters":[],"start":1740466956470,"stop":1740466956470},{"name":"When Admin enter valid data in all field and clicks login button","status":"passed","statusDetails":{"known":false,"muted":false,"flaky":false},"stage":"finished","steps":[],"attachments":[],"parameters":[],"start":1740466956470,"stop":1740466956782},{"name":"Given Admin is on the Edit Class Popup window","status":"passed","statusDetails":{"known":false,"muted":false,"flaky":false},"stage":"finished","steps":[],"attachments":[],"parameters":[],"start":1740466956782,"stop":1740466957654},{"name":"When Update the fields with invalid value \"2323232\" and click save","status":"passed","statusDetails":{"known":false,"muted":false,"flaky":false},"stage":"finished","steps":[],"attachments":[],"parameters":[],"start":1740466957657,"stop":1740466957888},{"name":"Then Admin should get Error message","status":"failed","statusDetails":{"known":false,"muted":false,"flaky":false,"message":"expected [Error Message] but found []","trace":"java.lang.AssertionError: expected [Error Message] but found []\r\n\tat org.testng.Assert.fail(Assert.java:111)\r\n\tat org.testng.Assert.failNotEquals(Assert.java:1578)\r\n\tat org.testng.Assert.assertEqualsImpl(Assert.java:150)\r\n\tat org.testng.Assert.assertEquals(Assert.java:132)\r\n\tat org.testng.Assert.assertEquals(Assert.java:656)\r\n\tat org.testng.Assert.assertEquals(Assert.java:666)\r\n\tat stepDefinitions.ClassStep.admin_should_get_error_message(ClassStep.java:373)\r\n\tat ✽.Admin should get Error message(file:///C:/Users/madhu/OneDrive/Desktop/SDET/LMS_ActionSquad/src/test/resources/Feature%20files/05_Class.feature:134)\r\n"},"stage":"finished","steps":[],"attachments":[],"parameters":[],"start":1740466957888,"stop":1740466957889}],"attachments":[],"parameters":[{"name":"Class","value":"2323232"}],"start":1740466953613,"stop":1740466958426}